#
# A fatal error has been detected by the Java Runtime Environment:
#
#  SIGSEGV (0xb) at pc=0x000000012c50e99e, pid=14527, tid=259
#
# JRE version: OpenJDK Runtime Environment Temurin-17.0.2+8 (17.0.2+8) (build 17.0.2+8)
# Java VM: OpenJDK 64-Bit Server VM Temurin-17.0.2+8 (17.0.2+8, mixed mode, tiered, compressed oops, compressed class ptrs, g1 gc, bsd-amd64)
# Problematic frame:
# C  [libglass.dylib+0x499e]
[error occurred during error reporting (printing problematic frame), id 0xe0000000, Internal Error (src/hotspot/os/bsd/decoder_machO.hpp:43)]

# No core dump will be written. Core dumps have been disabled. To enable core dumping, try "ulimit -c unlimited" before starting Java again
#
# If you would like to submit a bug report, please visit:
#   https://github.com/adoptium/adoptium-support/issues
#

---------------  S U M M A R Y ------------

Command Line: --module-path=//Users/amgadtahoun/Documents/javafx/lib --add-modules=javafx.controls,javafx.fxml -Dfile.encoding=windows-1252 views.Main

Host: "MacBookPro18,3" x86_64 (EMULATED) 2400 MHz, 10 cores, 16G, Darwin 22.5.0, macOS 10.16 (22F66)
Time: Mon Jun  5 09:56:48 2023 EEST elapsed time: 27.952593 seconds (0d 0h 0m 27s)

---------------  T H R E A D  ---------------

Current thread is native thread

Stack: [0x000000030451f000,0x0000000304d1f000],  sp=0x0000000304d1b0e0,  free space=8176k
Native frames: (J=compiled Java code, j=interpreted, Vv=VM code, C=native code)
C  [libglass.dylib+0x499e]
[error occurred during error reporting (printing native stack), id 0xe0000000, Internal Error (src/hotspot/os/bsd/decoder_machO.hpp:43)]


siginfo: si_signo: 11 (SIGSEGV), si_code: 1 (SEGV_MAPERR), si_addr: 0x0000000000000000

Registers:
RAX=0x0000000000000103, RBX=0x0000000000000019, RCX=0x0000000000000000, RDX=0x0000000000712600
RSP=0x0000000304d1b0e0, RBP=0x0000000304d1b510, RSI=0x0000000108a75800, RDI=0x0000000000000000
R8 =0x0000000000000000, R9 =0x0000000000001400, R10=0x000000000000800a, R11=0x0000000000003fff
R12=0x000000012c54b4e8, R13=0x00007fd8be8eaa00, R14=0x0000600002874480, R15=0x0000000000000019
RIP=0x000000012c50e99e, EFLAGS=0x0000000000000202, ERR=0x0000000000000004
  TRAPNO=0x000000000000000e

Top of Stack: (sp=0x0000000304d1b0e0)
0x0000000304d1b0e0:   000000012c50e95b 00007ff80ca380a6
0x0000000304d1b0f0:   00007ff80cacfddc 00007ff80cacfd2a
0x0000000304d1b100:   00007ff80ca0b52b 00007ff80d7d6b80
0x0000000304d1b110:   00007ff80fbce753 00007ff81037a41b
0x0000000304d1b120:   00007ff80fa802c7 00007ff81037c677
0x0000000304d1b130:   00007ff81037ca9a 00007ff81037cd10
0x0000000304d1b140:   00007ff8103775f9 00007ff80fd354ed
0x0000000304d1b150:   000000012c524a8f 00007ff80d84c793
0x0000000304d1b160:   00007ff80ca42906 00007ff80ca428a9
0x0000000304d1b170:   00007ff80ca426e4 00007ff80ca4130a
0x0000000304d1b180:   00007ff80ca4091c 0000000108a35e82
0x0000000304d1b190:   0000000108a316a8 00000001004a0c0e
0x0000000304d1b1a0:   000000020078541f 0000000000000000
0x0000000304d1b1b0:   0000000000000029 0000000000000029
0x0000000304d1b1c0:   000060000144b0f0 0000000000000029
0x0000000304d1b1d0:   0000000304d1b200 00007ff80c9cf7fb
0x0000000304d1b1e0:   00007ff84f7de878 000000000000001b
0x0000000304d1b1f0:   0000600001a93d80 0000000000000029
0x0000000304d1b200:   85c176937b16002f 00007fd91b80b000
0x0000000304d1b210:   00007fd91c268c90 0000600001a93d80
0x0000000304d1b220:   0000600003e2e940 0000600003e2e940
0x0000000304d1b230:   0000000304d1b250 00007ff80c5d7908
0x0000000304d1b240:   00007ff814b6fbb1 0000600003e2e958
0x0000000304d1b250:   0000000304d1b3d0 00007ff814b6fbb1
0x0000000304d1b260:   00007fd91b80b3b0 00007fd91c268c90
0x0000000304d1b270:   0000600003125a48 00007ff814b6e481
0x0000000304d1b280:   0000000304d1b2c8 0000000000000000
0x0000000304d1b290:   0000600003966530 0000600003e2e940
0x0000000304d1b2a0:   2d36622d38317b30 2d302d302d302d30
0x0000000304d1b2b0:   2d302d302d302d30 00007d302d302d32
0x0000000304d1b2c0:   0000000000000000 0000000000000000
0x0000000304d1b2d0:   0000000000000000 0000000000000000 

Instructions: (pc=0x000000012c50e99e)
0x000000012c50e89e:   48 8b 05 73 38 03 00 48 8b 00 48 3b 45 d0 0f 84
0x000000012c50e8ae:   1f ff ff ff e8 95 8a 02 00 66 0f 1f 84 00 00 00
0x000000012c50e8be:   00 00 55 48 89 e5 41 57 41 56 41 55 41 54 53 48
0x000000012c50e8ce:   81 ec 08 04 00 00 48 8b 05 3d 38 03 00 48 8b 00
0x000000012c50e8de:   48 89 45 d0 48 8d 05 f7 c0 03 00 48 8b 00 48 83
0x000000012c50e8ee:   3c 07 00 0f 85 cf 00 00 00 49 89 fe 48 8b 35 97
0x000000012c50e8fe:   aa 03 00 ff 15 61 38 03 00 4c 8d 25 da cb 03 00
0x000000012c50e90e:   49 8b 3c 24 48 85 ff 0f 85 83 00 00 00 48 8b 05
0x000000012c50e91e:   fe 37 03 00 48 8b 38 48 8d 35 84 de 02 00 48 8d
0x000000012c50e92e:   15 7a df 02 00 48 8d 0d f7 de 02 00 41 b8 60 00
0x000000012c50e93e:   00 00 31 c0 e8 4d 8a 02 00 48 8d 9d d0 fb ff ff
0x000000012c50e94e:   48 89 df be 80 00 00 00 e8 09 8a 02 00 41 89 c7
0x000000012c50e95e:   48 89 df 89 c6 e8 02 8a 02 00 49 89 c5 45 85 ff
0x000000012c50e96e:   7e 22 45 89 ff 31 db 66 2e 0f 1f 84 00 00 00 00
0x000000012c50e97e:   00 90 49 8b 7c dd 00 e8 ae 8b 02 00 48 ff c3 49
0x000000012c50e98e:   39 df 75 ee 4c 89 ef e8 06 8a 02 00 49 8b 3c 24
0x000000012c50e99e:   48 8b 1f 48 8d 05 08 c0 03 00 48 8b 00 49 8b 34
0x000000012c50e9ae:   06 48 8d 05 b2 cb 03 00 48 8b 10 b9 1d 02 00 00
0x000000012c50e9be:   31 c0 ff 93 e8 01 00 00 48 8b 05 4b 37 03 00 48
0x000000012c50e9ce:   8b 00 48 3b 45 d0 75 12 48 81 c4 08 04 00 00 5b
0x000000012c50e9de:   41 5c 41 5d 41 5e 41 5f 5d c3 e8 5f 89 02 00 0f
0x000000012c50e9ee:   1f 00 55 48 89 e5 41 57 41 56 41 55 41 54 53 50
0x000000012c50e9fe:   48 89 fb 48 8d 05 b0 bf 03 00 4c 8b 20 4a 8b 3c
0x000000012c50ea0e:   27 4c 8b 35 8a a9 03 00 4c 89 f6 ff 15 49 37 03
0x000000012c50ea1e:   00 48 85 c0 74 22 4a 8b 3c 23 4c 8b 3d 39 37 03
0x000000012c50ea2e:   00 4c 89 f6 41 ff d7 4a 8b 14 23 48 8b 35 68 a9
0x000000012c50ea3e:   03 00 48 89 c7 41 ff d7 48 89 5d d0 4a 8b 3c 23
0x000000012c50ea4e:   48 8b 35 5b a9 03 00 4c 8b 3d 0c 37 03 00 41 ff
0x000000012c50ea5e:   d7 48 89 c3 48 8b 35 4f a9 03 00 48 89 c7 41 ff
0x000000012c50ea6e:   d7 48 85 c0 74 46 4c 8b 25 45 a9 03 00 4c 8b 2d
0x000000012c50ea7e:   46 a9 03 00 45 31 f6 66 2e 0f 1f 84 00 00 00 00
0x000000012c50ea8e:   00 90 48 89 df 4c 89 e6 4c 89 f2 41 ff d7 48 89 



---------------  P R O C E S S  ---------------

VM state: at safepoint (normal execution)

VM Mutex/Monitor currently owned by a thread:  ([mutex/lock_event])
[0x0000600003425880] Threads_lock - owner thread: 0x00007fd91c1065d0
[0x0000600003425e00] Heap_lock - owner thread: 0x00007fd8be1a8600

Heap address: 0x0000000700000000, size: 4096 MB, Compressed Oops mode: Zero based, Oop shift amount: 3

CDS archive(s) not mapped
Compressed class space mapped at: 0x0000000800000000-0x0000000840000000, reserved size: 1073741824
Narrow klass base: 0x0000000800000000, Narrow klass shift: 0, Narrow klass range: 0x40000000

GC Precious Log:
<Skipped>

Heap:
 garbage-first heap   total 382976K, used 239348K [0x0000000700000000, 0x0000000800000000)
  region size 2048K, 8 young (16384K), 3 survivors (6144K)
 Metaspace       used 21684K, committed 22016K, reserved 1073152K
  class space    used 2725K, committed 2880K, reserved 1048576K

Heap Regions: E=young(eden), S=young(survivor), O=old, HS=humongous(starts), HC=humongous(continues), CS=collection set, F=free, OA=open archive, CA=closed archive, TAMS=top-at-mark-start (previous, next)
|   0|0x0000000700000000, 0x0000000700200000, 0x0000000700200000|100%|HS|  |TAMS 0x0000000700200000, 0x0000000700200000| Complete 
|   1|0x0000000700200000, 0x0000000700400000, 0x0000000700400000|100%|HC|  |TAMS 0x0000000700400000, 0x0000000700400000| Complete 
|   2|0x0000000700400000, 0x0000000700600000, 0x0000000700600000|100%|HC|  |TAMS 0x0000000700600000, 0x0000000700600000| Complete 
|   3|0x0000000700600000, 0x0000000700800000, 0x0000000700800000|100%|HS|  |TAMS 0x0000000700800000, 0x0000000700800000| Complete 
|   4|0x0000000700800000, 0x0000000700a00000, 0x0000000700a00000|100%|HC|  |TAMS 0x0000000700a00000, 0x0000000700a00000| Complete 
|   5|0x0000000700a00000, 0x0000000700c00000, 0x0000000700c00000|100%|HC|  |TAMS 0x0000000700c00000, 0x0000000700c00000| Complete 
|   6|0x0000000700c00000, 0x0000000700e00000, 0x0000000700e00000|100%|HC|  |TAMS 0x0000000700e00000, 0x0000000700e00000| Complete 
|   7|0x0000000700e00000, 0x0000000701000000, 0x0000000701000000|100%|HS|  |TAMS 0x0000000701000000, 0x0000000701000000| Complete 
|   8|0x0000000701000000, 0x0000000701200000, 0x0000000701200000|100%|HC|  |TAMS 0x0000000701200000, 0x0000000701200000| Complete 
|   9|0x0000000701200000, 0x0000000701400000, 0x0000000701400000|100%|HC|  |TAMS 0x0000000701400000, 0x0000000701400000| Complete 
|  10|0x0000000701400000, 0x0000000701600000, 0x0000000701600000|100%|HC|  |TAMS 0x0000000701600000, 0x0000000701600000| Complete 
|  11|0x0000000701600000, 0x0000000701800000, 0x0000000701800000|100%|HS|  |TAMS 0x0000000701800000, 0x0000000701800000| Complete 
|  12|0x0000000701800000, 0x0000000701a00000, 0x0000000701a00000|100%|HC|  |TAMS 0x0000000701a00000, 0x0000000701a00000| Complete 
|  13|0x0000000701a00000, 0x0000000701c00000, 0x0000000701c00000|100%|HC|  |TAMS 0x0000000701c00000, 0x0000000701c00000| Complete 
|  14|0x0000000701c00000, 0x0000000701e00000, 0x0000000701e00000|100%|HS|  |TAMS 0x0000000701e00000, 0x0000000701e00000| Complete 
|  15|0x0000000701e00000, 0x0000000702000000, 0x0000000702000000|100%|HC|  |TAMS 0x0000000702000000, 0x0000000702000000| Complete 
|  16|0x0000000702000000, 0x0000000702200000, 0x0000000702200000|100%|HC|  |TAMS 0x0000000702200000, 0x0000000702200000| Complete 
|  17|0x0000000702200000, 0x0000000702400000, 0x0000000702400000|100%|HS|  |TAMS 0x0000000702400000, 0x0000000702400000| Complete 
|  18|0x0000000702400000, 0x0000000702600000, 0x0000000702600000|100%|HC|  |TAMS 0x0000000702600000, 0x0000000702600000| Complete 
|  19|0x0000000702600000, 0x0000000702800000, 0x0000000702800000|100%|HC|  |TAMS 0x0000000702800000, 0x0000000702800000| Complete 
|  20|0x0000000702800000, 0x0000000702a00000, 0x0000000702a00000|100%|HS|  |TAMS 0x0000000702a00000, 0x0000000702a00000| Complete 
|  21|0x0000000702a00000, 0x0000000702c00000, 0x0000000702c00000|100%|HC|  |TAMS 0x0000000702c00000, 0x0000000702c00000| Complete 
|  22|0x0000000702c00000, 0x0000000702e00000, 0x0000000702e00000|100%|HC|  |TAMS 0x0000000702e00000, 0x0000000702e00000| Complete 
|  23|0x0000000702e00000, 0x0000000703000000, 0x0000000703000000|100%|HS|  |TAMS 0x0000000703000000, 0x0000000703000000| Complete 
|  24|0x0000000703000000, 0x0000000703200000, 0x0000000703200000|100%|HC|  |TAMS 0x0000000703200000, 0x0000000703200000| Complete 
|  25|0x0000000703200000, 0x0000000703400000, 0x0000000703400000|100%|HC|  |TAMS 0x0000000703400000, 0x0000000703400000| Complete 
|  26|0x0000000703400000, 0x0000000703600000, 0x0000000703600000|100%|HS|  |TAMS 0x0000000703600000, 0x0000000703600000| Complete 
|  27|0x0000000703600000, 0x0000000703800000, 0x0000000703800000|100%|HC|  |TAMS 0x0000000703800000, 0x0000000703800000| Complete 
|  28|0x0000000703800000, 0x0000000703a00000, 0x0000000703a00000|100%|HC|  |TAMS 0x0000000703a00000, 0x0000000703a00000| Complete 
|  29|0x0000000703a00000, 0x0000000703c00000, 0x0000000703c00000|100%|HS|  |TAMS 0x0000000703c00000, 0x0000000703c00000| Complete 
|  30|0x0000000703c00000, 0x0000000703e00000, 0x0000000703e00000|100%|HC|  |TAMS 0x0000000703e00000, 0x0000000703e00000| Complete 
|  31|0x0000000703e00000, 0x0000000704000000, 0x0000000704000000|100%|HC|  |TAMS 0x0000000704000000, 0x0000000704000000| Complete 
|  32|0x0000000704000000, 0x0000000704200000, 0x0000000704200000|100%|HS|  |TAMS 0x0000000704200000, 0x0000000704200000| Complete 
|  33|0x0000000704200000, 0x0000000704400000, 0x0000000704400000|100%|HC|  |TAMS 0x0000000704400000, 0x0000000704400000| Complete 
|  34|0x0000000704400000, 0x0000000704600000, 0x0000000704600000|100%|HC|  |TAMS 0x0000000704600000, 0x0000000704600000| Complete 
|  35|0x0000000704600000, 0x0000000704800000, 0x0000000704800000|100%|HS|  |TAMS 0x0000000704800000, 0x0000000704800000| Complete 
|  36|0x0000000704800000, 0x0000000704a00000, 0x0000000704a00000|100%|HC|  |TAMS 0x0000000704a00000, 0x0000000704a00000| Complete 
|  37|0x0000000704a00000, 0x0000000704c00000, 0x0000000704c00000|100%|HC|  |TAMS 0x0000000704c00000, 0x0000000704c00000| Complete 
|  38|0x0000000704c00000, 0x0000000704e00000, 0x0000000704e00000|100%|HS|  |TAMS 0x0000000704e00000, 0x0000000704e00000| Complete 
|  39|0x0000000704e00000, 0x0000000705000000, 0x0000000705000000|100%|HC|  |TAMS 0x0000000705000000, 0x0000000705000000| Complete 
|  40|0x0000000705000000, 0x0000000705200000, 0x0000000705200000|100%|HC|  |TAMS 0x0000000705200000, 0x0000000705200000| Complete 
|  41|0x0000000705200000, 0x0000000705400000, 0x0000000705400000|100%|HC|  |TAMS 0x0000000705400000, 0x0000000705400000| Complete 
|  42|0x0000000705400000, 0x0000000705600000, 0x0000000705600000|100%|HC|  |TAMS 0x0000000705600000, 0x0000000705600000| Complete 
|  43|0x0000000705600000, 0x0000000705800000, 0x0000000705800000|100%|HC|  |TAMS 0x0000000705800000, 0x0000000705800000| Complete 
|  44|0x0000000705800000, 0x0000000705a00000, 0x0000000705a00000|100%|HC|  |TAMS 0x0000000705a00000, 0x0000000705a00000| Complete 
|  45|0x0000000705a00000, 0x0000000705c00000, 0x0000000705c00000|100%|HC|  |TAMS 0x0000000705c00000, 0x0000000705c00000| Complete 
|  46|0x0000000705c00000, 0x0000000705e00000, 0x0000000705e00000|100%|HC|  |TAMS 0x0000000705e00000, 0x0000000705e00000| Complete 
|  47|0x0000000705e00000, 0x0000000706000000, 0x0000000706000000|100%|HC|  |TAMS 0x0000000706000000, 0x0000000706000000| Complete 
|  48|0x0000000706000000, 0x0000000706200000, 0x0000000706200000|100%|HC|  |TAMS 0x0000000706200000, 0x0000000706200000| Complete 
|  49|0x0000000706200000, 0x0000000706400000, 0x0000000706400000|100%|HC|  |TAMS 0x0000000706400000, 0x0000000706400000| Complete 
|  50|0x0000000706400000, 0x0000000706600000, 0x0000000706600000|100%|HC|  |TAMS 0x0000000706600000, 0x0000000706600000| Complete 
|  51|0x0000000706600000, 0x0000000706800000, 0x0000000706800000|100%|HC|  |TAMS 0x0000000706800000, 0x0000000706800000| Complete 
|  52|0x0000000706800000, 0x0000000706a00000, 0x0000000706a00000|100%|HC|  |TAMS 0x0000000706a00000, 0x0000000706a00000| Complete 
|  53|0x0000000706a00000, 0x0000000706c00000, 0x0000000706c00000|100%|HC|  |TAMS 0x0000000706c00000, 0x0000000706c00000| Complete 
|  54|0x0000000706c00000, 0x0000000706e00000, 0x0000000706e00000|100%|HC|  |TAMS 0x0000000706e00000, 0x0000000706e00000| Complete 
|  55|0x0000000706e00000, 0x0000000707000000, 0x0000000707000000|100%|HC|  |TAMS 0x0000000707000000, 0x0000000707000000| Complete 
|  56|0x0000000707000000, 0x0000000707200000, 0x0000000707200000|100%|HC|  |TAMS 0x0000000707200000, 0x0000000707200000| Complete 
|  57|0x0000000707200000, 0x0000000707400000, 0x0000000707400000|100%|HC|  |TAMS 0x0000000707400000, 0x0000000707400000| Complete 
|  58|0x0000000707400000, 0x0000000707600000, 0x0000000707600000|100%|HC|  |TAMS 0x0000000707600000, 0x0000000707600000| Complete 
|  59|0x0000000707600000, 0x0000000707800000, 0x0000000707800000|100%|HC|  |TAMS 0x0000000707800000, 0x0000000707800000| Complete 
|  60|0x0000000707800000, 0x0000000707a00000, 0x0000000707a00000|100%|HC|  |TAMS 0x0000000707a00000, 0x0000000707a00000| Complete 
|  61|0x0000000707a00000, 0x0000000707c00000, 0x0000000707c00000|100%|HC|  |TAMS 0x0000000707c00000, 0x0000000707c00000| Complete 
|  62|0x0000000707c00000, 0x0000000707e00000, 0x0000000707e00000|100%|HC|  |TAMS 0x0000000707e00000, 0x0000000707e00000| Complete 
|  63|0x0000000707e00000, 0x0000000708000000, 0x0000000708000000|100%|HC|  |TAMS 0x0000000708000000, 0x0000000708000000| Complete 
|  64|0x0000000708000000, 0x0000000708200000, 0x0000000708200000|100%|HC|  |TAMS 0x0000000708200000, 0x0000000708200000| Complete 
|  65|0x0000000708200000, 0x0000000708400000, 0x0000000708400000|100%|HC|  |TAMS 0x0000000708400000, 0x0000000708400000| Complete 
|  66|0x0000000708400000, 0x0000000708600000, 0x0000000708600000|100%|HC|  |TAMS 0x0000000708600000, 0x0000000708600000| Complete 
|  67|0x0000000708600000, 0x0000000708800000, 0x0000000708800000|100%|HC|  |TAMS 0x0000000708800000, 0x0000000708800000| Complete 
|  68|0x0000000708800000, 0x0000000708a00000, 0x0000000708a00000|100%|HC|  |TAMS 0x0000000708a00000, 0x0000000708a00000| Complete 
|  69|0x0000000708a00000, 0x0000000708c00000, 0x0000000708c00000|100%|HC|  |TAMS 0x0000000708c00000, 0x0000000708c00000| Complete 
|  70|0x0000000708c00000, 0x0000000708e00000, 0x0000000708e00000|100%|HC|  |TAMS 0x0000000708e00000, 0x0000000708e00000| Complete 
|  71|0x0000000708e00000, 0x0000000709000000, 0x0000000709000000|100%|HC|  |TAMS 0x0000000709000000, 0x0000000709000000| Complete 
|  72|0x0000000709000000, 0x0000000709200000, 0x0000000709200000|100%|HC|  |TAMS 0x0000000709200000, 0x0000000709200000| Complete 
|  73|0x0000000709200000, 0x0000000709400000, 0x0000000709400000|100%|HS|  |TAMS 0x0000000709200000, 0x0000000709400000| Complete 
|  74|0x0000000709400000, 0x0000000709400000, 0x0000000709600000|  0%| F|  |TAMS 0x0000000709400000, 0x0000000709400000| Untracked 
|  75|0x0000000709600000, 0x0000000709600000, 0x0000000709800000|  0%| F|  |TAMS 0x0000000709600000, 0x0000000709600000| Untracked 
|  76|0x0000000709800000, 0x0000000709800000, 0x0000000709a00000|  0%| F|  |TAMS 0x0000000709800000, 0x0000000709800000| Untracked 
|  77|0x0000000709a00000, 0x0000000709a00000, 0x0000000709c00000|  0%| F|  |TAMS 0x0000000709a00000, 0x0000000709a00000| Untracked 
|  78|0x0000000709c00000, 0x0000000709c00000, 0x0000000709e00000|  0%| F|  |TAMS 0x0000000709c00000, 0x0000000709c00000| Untracked 
|  79|0x0000000709e00000, 0x0000000709e00000, 0x000000070a000000|  0%| F|  |TAMS 0x0000000709e00000, 0x0000000709e00000| Untracked 
|  80|0x000000070a000000, 0x000000070a000000, 0x000000070a200000|  0%| F|  |TAMS 0x000000070a000000, 0x000000070a000000| Untracked 
|  81|0x000000070a200000, 0x000000070a200000, 0x000000070a400000|  0%| F|  |TAMS 0x000000070a200000, 0x000000070a200000| Untracked 
|  82|0x000000070a400000, 0x000000070a400000, 0x000000070a600000|  0%| F|  |TAMS 0x000000070a400000, 0x000000070a400000| Untracked 
|  83|0x000000070a600000, 0x000000070a600000, 0x000000070a800000|  0%| F|  |TAMS 0x000000070a600000, 0x000000070a600000| Untracked 
|  84|0x000000070a800000, 0x000000070a800000, 0x000000070aa00000|  0%| F|  |TAMS 0x000000070a800000, 0x000000070a800000| Untracked 
|  85|0x000000070aa00000, 0x000000070aa00000, 0x000000070ac00000|  0%| F|  |TAMS 0x000000070aa00000, 0x000000070aa00000| Untracked 
|  86|0x000000070ac00000, 0x000000070ac00000, 0x000000070ae00000|  0%| F|  |TAMS 0x000000070ac00000, 0x000000070ac00000| Untracked 
|  87|0x000000070ae00000, 0x000000070ae00000, 0x000000070b000000|  0%| F|  |TAMS 0x000000070ae00000, 0x000000070ae00000| Untracked 
|  88|0x000000070b000000, 0x000000070b000000, 0x000000070b200000|  0%| F|  |TAMS 0x000000070b000000, 0x000000070b000000| Untracked 
|  89|0x000000070b200000, 0x000000070b200000, 0x000000070b400000|  0%| F|  |TAMS 0x000000070b200000, 0x000000070b200000| Untracked 
|  90|0x000000070b400000, 0x000000070b400000, 0x000000070b600000|  0%| F|  |TAMS 0x000000070b400000, 0x000000070b400000| Untracked 
|  91|0x000000070b600000, 0x000000070b600000, 0x000000070b800000|  0%| F|  |TAMS 0x000000070b600000, 0x000000070b600000| Untracked 
|  92|0x000000070b800000, 0x000000070b800000, 0x000000070ba00000|  0%| F|  |TAMS 0x000000070b800000, 0x000000070b800000| Untracked 
|  93|0x000000070ba00000, 0x000000070ba00000, 0x000000070bc00000|  0%| F|  |TAMS 0x000000070ba00000, 0x000000070ba00000| Untracked 
|  94|0x000000070bc00000, 0x000000070bc00000, 0x000000070be00000|  0%| F|  |TAMS 0x000000070bc00000, 0x000000070bc00000| Untracked 
|  95|0x000000070be00000, 0x000000070be00000, 0x000000070c000000|  0%| F|  |TAMS 0x000000070be00000, 0x000000070be00000| Untracked 
|  96|0x000000070c000000, 0x000000070c000000, 0x000000070c200000|  0%| F|  |TAMS 0x000000070c000000, 0x000000070c000000| Untracked 
|  97|0x000000070c200000, 0x000000070c200000, 0x000000070c400000|  0%| F|  |TAMS 0x000000070c200000, 0x000000070c200000| Untracked 
|  98|0x000000070c400000, 0x000000070c400000, 0x000000070c600000|  0%| F|  |TAMS 0x000000070c400000, 0x000000070c400000| Untracked 
|  99|0x000000070c600000, 0x000000070c600000, 0x000000070c800000|  0%| F|  |TAMS 0x000000070c600000, 0x000000070c600000| Untracked 
| 100|0x000000070c800000, 0x000000070c800000, 0x000000070ca00000|  0%| F|  |TAMS 0x000000070c800000, 0x000000070c800000| Untracked 
| 101|0x000000070ca00000, 0x000000070ca00000, 0x000000070cc00000|  0%| F|  |TAMS 0x000000070ca00000, 0x000000070ca00000| Untracked 
| 102|0x000000070cc00000, 0x000000070cc00000, 0x000000070ce00000|  0%| F|  |TAMS 0x000000070cc00000, 0x000000070cc00000| Untracked 
| 103|0x000000070ce00000, 0x000000070ce00000, 0x000000070d000000|  0%| F|  |TAMS 0x000000070ce00000, 0x000000070ce00000| Untracked 
| 104|0x000000070d000000, 0x000000070d000000, 0x000000070d200000|  0%| F|  |TAMS 0x000000070d000000, 0x000000070d000000| Untracked 
| 105|0x000000070d200000, 0x000000070d200000, 0x000000070d400000|  0%| F|  |TAMS 0x000000070d200000, 0x000000070d200000| Untracked 
| 106|0x000000070d400000, 0x000000070d400000, 0x000000070d600000|  0%| F|  |TAMS 0x000000070d400000, 0x000000070d400000| Untracked 
| 107|0x000000070d600000, 0x000000070d600000, 0x000000070d800000|  0%| F|  |TAMS 0x000000070d600000, 0x000000070d600000| Untracked 
| 108|0x000000070d800000, 0x000000070da00000, 0x000000070da00000|100%| O|  |TAMS 0x000000070d800000, 0x000000070da00000| Untracked 
| 109|0x000000070da00000, 0x000000070da5b800, 0x000000070dc00000| 17%| O|  |TAMS 0x000000070da00000, 0x000000070da5b800| Untracked 
| 110|0x000000070dc00000, 0x000000070de00000, 0x000000070de00000|100%|HS|  |TAMS 0x000000070dc00000, 0x000000070dc00000| Complete 
| 111|0x000000070de00000, 0x000000070e000000, 0x000000070e000000|100%|HC|  |TAMS 0x000000070de00000, 0x000000070de00000| Complete 
| 112|0x000000070e000000, 0x000000070e200000, 0x000000070e200000|100%|HC|  |TAMS 0x000000070e000000, 0x000000070e000000| Complete 
| 113|0x000000070e200000, 0x000000070e400000, 0x000000070e400000|100%|HC|  |TAMS 0x000000070e200000, 0x000000070e200000| Complete 
| 114|0x000000070e400000, 0x000000070e600000, 0x000000070e600000|100%|HC|  |TAMS 0x000000070e400000, 0x000000070e400000| Complete 
| 115|0x000000070e600000, 0x000000070e800000, 0x000000070e800000|100%|HC|  |TAMS 0x000000070e600000, 0x000000070e600000| Complete 
| 116|0x000000070e800000, 0x000000070ea00000, 0x000000070ea00000|100%|HC|  |TAMS 0x000000070e800000, 0x000000070e800000| Complete 
| 117|0x000000070ea00000, 0x000000070ec00000, 0x000000070ec00000|100%|HC|  |TAMS 0x000000070ea00000, 0x000000070ea00000| Complete 
| 118|0x000000070ec00000, 0x000000070ee00000, 0x000000070ee00000|100%|HC|  |TAMS 0x000000070ec00000, 0x000000070ec00000| Complete 
| 119|0x000000070ee00000, 0x000000070f000000, 0x000000070f000000|100%|HC|  |TAMS 0x000000070ee00000, 0x000000070ee00000| Complete 
| 120|0x000000070f000000, 0x000000070f200000, 0x000000070f200000|100%|HC|  |TAMS 0x000000070f000000, 0x000000070f000000| Complete 
| 121|0x000000070f200000, 0x000000070f400000, 0x000000070f400000|100%|HC|  |TAMS 0x000000070f200000, 0x000000070f200000| Complete 
| 122|0x000000070f400000, 0x000000070f600000, 0x000000070f600000|100%|HC|  |TAMS 0x000000070f400000, 0x000000070f400000| Complete 
| 123|0x000000070f600000, 0x000000070f800000, 0x000000070f800000|100%|HC|  |TAMS 0x000000070f600000, 0x000000070f600000| Complete 
| 124|0x000000070f800000, 0x000000070fa00000, 0x000000070fa00000|100%|HC|  |TAMS 0x000000070f800000, 0x000000070f800000| Complete 
| 125|0x000000070fa00000, 0x000000070fc00000, 0x000000070fc00000|100%|HC|  |TAMS 0x000000070fa00000, 0x000000070fa00000| Complete 
| 126|0x000000070fc00000, 0x000000070fe00000, 0x000000070fe00000|100%|HC|  |TAMS 0x000000070fc00000, 0x000000070fc00000| Complete 
| 127|0x000000070fe00000, 0x0000000710000000, 0x0000000710000000|100%|HC|  |TAMS 0x000000070fe00000, 0x000000070fe00000| Complete 
| 128|0x0000000710000000, 0x0000000710200000, 0x0000000710200000|100%|HC|  |TAMS 0x0000000710000000, 0x0000000710000000| Complete 
| 129|0x0000000710200000, 0x0000000710400000, 0x0000000710400000|100%|HC|  |TAMS 0x0000000710200000, 0x0000000710200000| Complete 
| 130|0x0000000710400000, 0x0000000710600000, 0x0000000710600000|100%|HC|  |TAMS 0x0000000710400000, 0x0000000710400000| Complete 
| 131|0x0000000710600000, 0x0000000710800000, 0x0000000710800000|100%|HC|  |TAMS 0x0000000710600000, 0x0000000710600000| Complete 
| 132|0x0000000710800000, 0x0000000710a00000, 0x0000000710a00000|100%|HC|  |TAMS 0x0000000710800000, 0x0000000710800000| Complete 
| 133|0x0000000710a00000, 0x0000000710c00000, 0x0000000710c00000|100%|HC|  |TAMS 0x0000000710a00000, 0x0000000710a00000| Complete 
| 134|0x0000000710c00000, 0x0000000710e00000, 0x0000000710e00000|100%|HC|  |TAMS 0x0000000710c00000, 0x0000000710c00000| Complete 
| 135|0x0000000710e00000, 0x0000000711000000, 0x0000000711000000|100%|HC|  |TAMS 0x0000000710e00000, 0x0000000710e00000| Complete 
| 136|0x0000000711000000, 0x0000000711200000, 0x0000000711200000|100%|HC|  |TAMS 0x0000000711000000, 0x0000000711000000| Complete 
| 137|0x0000000711200000, 0x0000000711400000, 0x0000000711400000|100%|HC|  |TAMS 0x0000000711200000, 0x0000000711200000| Complete 
| 138|0x0000000711400000, 0x0000000711600000, 0x0000000711600000|100%|HC|  |TAMS 0x0000000711400000, 0x0000000711400000| Complete 
| 139|0x0000000711600000, 0x0000000711800000, 0x0000000711800000|100%|HC|  |TAMS 0x0000000711600000, 0x0000000711600000| Complete 
| 140|0x0000000711800000, 0x0000000711a00000, 0x0000000711a00000|100%|HC|  |TAMS 0x0000000711800000, 0x0000000711800000| Complete 
| 141|0x0000000711a00000, 0x0000000711c00000, 0x0000000711c00000|100%|HC|  |TAMS 0x0000000711a00000, 0x0000000711a00000| Complete 
| 142|0x0000000711c00000, 0x0000000711e00000, 0x0000000711e00000|100%|HC|  |TAMS 0x0000000711c00000, 0x0000000711c00000| Complete 
| 143|0x0000000711e00000, 0x0000000712000000, 0x0000000712000000|100%|HC|  |TAMS 0x0000000711e00000, 0x0000000711e00000| Complete 
| 144|0x0000000712000000, 0x0000000712200000, 0x0000000712200000|100%|HC|  |TAMS 0x0000000712000000, 0x0000000712000000| Complete 
| 145|0x0000000712200000, 0x0000000712200000, 0x0000000712400000|  0%| F|  |TAMS 0x0000000712200000, 0x0000000712200000| Untracked 
| 146|0x0000000712400000, 0x0000000712400000, 0x0000000712600000|  0%| F|  |TAMS 0x0000000712400000, 0x0000000712400000| Untracked 
| 147|0x0000000712600000, 0x0000000712600000, 0x0000000712800000|  0%| F|  |TAMS 0x0000000712600000, 0x0000000712600000| Untracked 
| 148|0x0000000712800000, 0x0000000712800000, 0x0000000712a00000|  0%| F|  |TAMS 0x0000000712800000, 0x0000000712800000| Untracked 
| 149|0x0000000712a00000, 0x0000000712a00000, 0x0000000712c00000|  0%| F|  |TAMS 0x0000000712a00000, 0x0000000712a00000| Untracked 
| 150|0x0000000712c00000, 0x0000000712c00000, 0x0000000712e00000|  0%| F|  |TAMS 0x0000000712c00000, 0x0000000712c00000| Untracked 
| 151|0x0000000712e00000, 0x0000000712e00000, 0x0000000713000000|  0%| F|  |TAMS 0x0000000712e00000, 0x0000000712e00000| Untracked 
| 152|0x0000000713000000, 0x0000000713000000, 0x0000000713200000|  0%| F|  |TAMS 0x0000000713000000, 0x0000000713000000| Untracked 
| 153|0x0000000713200000, 0x0000000713200000, 0x0000000713400000|  0%| F|  |TAMS 0x0000000713200000, 0x0000000713200000| Untracked 
| 154|0x0000000713400000, 0x0000000713400000, 0x0000000713600000|  0%| F|  |TAMS 0x0000000713400000, 0x0000000713400000| Untracked 
| 155|0x0000000713600000, 0x0000000713600000, 0x0000000713800000|  0%| F|  |TAMS 0x0000000713600000, 0x0000000713600000| Untracked 
| 156|0x0000000713800000, 0x0000000713800000, 0x0000000713a00000|  0%| F|  |TAMS 0x0000000713800000, 0x0000000713800000| Untracked 
| 157|0x0000000713a00000, 0x0000000713a00000, 0x0000000713c00000|  0%| F|  |TAMS 0x0000000713a00000, 0x0000000713a00000| Untracked 
| 158|0x0000000713c00000, 0x0000000713c00000, 0x0000000713e00000|  0%| F|  |TAMS 0x0000000713c00000, 0x0000000713c00000| Untracked 
| 159|0x0000000713e00000, 0x0000000713e00000, 0x0000000714000000|  0%| F|  |TAMS 0x0000000713e00000, 0x0000000713e00000| Untracked 
| 160|0x0000000714000000, 0x0000000714000000, 0x0000000714200000|  0%| F|  |TAMS 0x0000000714000000, 0x0000000714000000| Untracked 
| 161|0x0000000714200000, 0x0000000714200000, 0x0000000714400000|  0%| F|  |TAMS 0x0000000714200000, 0x0000000714200000| Untracked 
| 162|0x0000000714400000, 0x0000000714400000, 0x0000000714600000|  0%| F|  |TAMS 0x0000000714400000, 0x0000000714400000| Untracked 
| 163|0x0000000714600000, 0x0000000714600000, 0x0000000714800000|  0%| F|  |TAMS 0x0000000714600000, 0x0000000714600000| Untracked 
| 164|0x0000000714800000, 0x0000000714800000, 0x0000000714a00000|  0%| F|  |TAMS 0x0000000714800000, 0x0000000714800000| Untracked 
| 165|0x0000000714a00000, 0x0000000714a00000, 0x0000000714c00000|  0%| F|  |TAMS 0x0000000714a00000, 0x0000000714a00000| Untracked 
| 166|0x0000000714c00000, 0x0000000714c00000, 0x0000000714e00000|  0%| F|  |TAMS 0x0000000714c00000, 0x0000000714c00000| Untracked 
| 167|0x0000000714e00000, 0x0000000714e00000, 0x0000000715000000|  0%| F|  |TAMS 0x0000000714e00000, 0x0000000714e00000| Untracked 
| 168|0x0000000715000000, 0x0000000715000000, 0x0000000715200000|  0%| F|  |TAMS 0x0000000715000000, 0x0000000715000000| Untracked 
| 169|0x0000000715200000, 0x00000007153619d0, 0x0000000715400000| 69%| S|CS|TAMS 0x0000000715200000, 0x0000000715200000| Complete 
| 170|0x0000000715400000, 0x0000000715600000, 0x0000000715600000|100%| S|CS|TAMS 0x0000000715400000, 0x0000000715400000| Complete 
| 171|0x0000000715600000, 0x0000000715800000, 0x0000000715800000|100%| S|CS|TAMS 0x0000000715600000, 0x0000000715600000| Complete 
| 172|0x0000000715800000, 0x0000000715800000, 0x0000000715a00000|  0%| F|  |TAMS 0x0000000715800000, 0x0000000715800000| Untracked 
| 173|0x0000000715a00000, 0x0000000715a00000, 0x0000000715c00000|  0%| F|  |TAMS 0x0000000715a00000, 0x0000000715a00000| Untracked 
| 174|0x0000000715c00000, 0x0000000715c00000, 0x0000000715e00000|  0%| F|  |TAMS 0x0000000715c00000, 0x0000000715c00000| Untracked 
| 175|0x0000000715e00000, 0x0000000715e00000, 0x0000000716000000|  0%| F|  |TAMS 0x0000000715e00000, 0x0000000715e00000| Untracked 
| 176|0x0000000716000000, 0x0000000716000000, 0x0000000716200000|  0%| F|  |TAMS 0x0000000716000000, 0x0000000716000000| Untracked 
| 177|0x0000000716200000, 0x0000000716200000, 0x0000000716400000|  0%| F|  |TAMS 0x0000000716200000, 0x0000000716200000| Untracked 
| 178|0x0000000716400000, 0x0000000716400000, 0x0000000716600000|  0%| F|  |TAMS 0x0000000716400000, 0x0000000716400000| Untracked 
| 179|0x0000000716600000, 0x0000000716600000, 0x0000000716800000|  0%| F|  |TAMS 0x0000000716600000, 0x0000000716600000| Untracked 
| 180|0x0000000716800000, 0x0000000716800000, 0x0000000716a00000|  0%| F|  |TAMS 0x0000000716800000, 0x0000000716800000| Untracked 
| 181|0x0000000716a00000, 0x0000000716a00000, 0x0000000716c00000|  0%| F|  |TAMS 0x0000000716a00000, 0x0000000716a00000| Untracked 
| 182|0x0000000716c00000, 0x0000000716c6f1b0, 0x0000000716e00000| 21%| E|  |TAMS 0x0000000716c00000, 0x0000000716c00000| Complete 
| 183|0x0000000716e00000, 0x0000000717000000, 0x0000000717000000|100%| E|CS|TAMS 0x0000000716e00000, 0x0000000716e00000| Complete 
| 184|0x0000000717000000, 0x0000000717200000, 0x0000000717200000|100%| E|CS|TAMS 0x0000000717000000, 0x0000000717000000| Complete 
| 185|0x0000000717200000, 0x0000000717400000, 0x0000000717400000|100%| E|CS|TAMS 0x0000000717200000, 0x0000000717200000| Complete 
| 186|0x0000000717400000, 0x0000000717600000, 0x0000000717600000|100%| E|CS|TAMS 0x0000000717400000, 0x0000000717400000| Complete 

Card table byte_map: [0x000000011ece6000,0x000000011f4e6000] _byte_map_base: 0x000000011b4e6000

Marking Bits (Prev, Next): (CMBitMap*) 0x00007fd91b80e050, (CMBitMap*) 0x00007fd91b80e010
 Prev Bits: [0x0000000123ce6000, 0x0000000127ce6000)
 Next Bits: [0x000000011fce6000, 0x0000000123ce6000)

Polling page: 0x00000001004af000

Metaspace:

Usage:
  Non-class:     18.51 MB used.
      Class:      2.66 MB used.
       Both:     21.18 MB used.

Virtual space:
  Non-class space:       24.00 MB reserved,      18.69 MB ( 78%) committed,  3 nodes.
      Class space:        1.00 GB reserved,       2.81 MB ( <1%) committed,  1 nodes.
             Both:        1.02 GB reserved,      21.50 MB (  2%) committed. 

Chunk freelists:
   Non-Class:  1.05 MB
       Class:  1.17 MB
        Both:  2.22 MB

MaxMetaspaceSize: unlimited
CompressedClassSpaceSize: 1.00 GB
Initial GC threshold: 21.00 MB
Current GC threshold: 27.94 MB
CDS: off
MetaspaceReclaimPolicy: balanced
 - commit_granule_bytes: 65536.
 - commit_granule_words: 8192.
 - virtual_space_node_default_size: 1048576.
 - enlarge_chunks_in_place: 1.
 - new_chunks_are_fully_committed: 0.
 - uncommit_free_chunks: 1.
 - use_allocation_guard: 0.
 - handle_deallocations: 1.


Internal statistics:

num_allocs_failed_limit: 0.
num_arena_births: 190.
num_arena_deaths: 0.
num_vsnodes_births: 4.
num_vsnodes_deaths: 0.
num_space_committed: 344.
num_space_uncommitted: 0.
num_chunks_returned_to_freelist: 0.
num_chunks_taken_from_freelist: 697.
num_chunk_merges: 0.
num_chunk_splits: 490.
num_chunks_enlarged: 393.
num_purges: 0.
num_inconsistent_stats: 0.

CodeHeap 'non-profiled nmethods': size=120028Kb used=1961Kb max_used=1961Kb free=118066Kb
 bounds [0x00000001177af000, 0x0000000117a1f000, 0x000000011ece6000]
CodeHeap 'profiled nmethods': size=120028Kb used=7637Kb max_used=7637Kb free=112390Kb
 bounds [0x0000000110278000, 0x00000001109f8000, 0x00000001177af000]
CodeHeap 'non-nmethods': size=5704Kb used=1397Kb max_used=1474Kb free=4306Kb
 bounds [0x000000010fce6000, 0x000000010ff56000, 0x0000000110278000]
 total_blobs=4451 nmethods=3691 adapters=674
 compilation: enabled
              stopped_count=0, restarted_count=0
 full_count=0

Compilation events (20 events):
Event: 27.375 Thread 0x00007fd91d812a00 nmethod 3672 0x0000000117995b10 code [0x0000000117995ce0, 0x0000000117996218]
Event: 27.375 Thread 0x00007fd91d813000 nmethod 3698 0x00000001109e8010 code [0x00000001109e82a0, 0x00000001109e8bb0]
Event: 27.375 Thread 0x00007fd91d813000 3699       3       com.sun.javafx.sg.prism.NGNode::setClipNode (47 bytes)
Event: 27.375 Thread 0x00007fd91d812a00 3681       4       javafx.scene.Node::updateLocalToParentTransform (442 bytes)
Event: 27.375 Thread 0x00007fd91d813000 nmethod 3699 0x00000001109e8e10 code [0x00000001109e9000, 0x00000001109e96d0]
Event: 27.375 Thread 0x00007fd91d813000 3700       3       com.sun.javafx.sg.prism.NGNode::setEffect (113 bytes)
Event: 27.375 Thread 0x00007fd91d813000 nmethod 3700 0x00000001109e9910 code [0x00000001109e9b80, 0x00000001109ea510]
Event: 27.375 Thread 0x00007fd91d813000 3701       3       javafx.scene.shape.Rectangle::doUpdatePeer (53 bytes)
Event: 27.376 Thread 0x00007fd91d813000 nmethod 3701 0x00000001109ea790 code [0x00000001109eaaa0, 0x00000001109ec280]
Event: 27.376 Thread 0x00007fd91d813000 3702       3       com.sun.javafx.geom.transform.Identity::deriveWithNewTransform (5 bytes)
Event: 27.376 Thread 0x00007fd91d813000 nmethod 3702 0x00000001109ec990 code [0x00000001109ecb40, 0x00000001109ecc80]
Event: 27.376 Thread 0x00007fd91d813000 3694       3       javafx.geometry.Insets::equals (75 bytes)
Event: 27.376 Thread 0x00007fd91d813000 nmethod 3694 0x00000001109ecd10 code [0x00000001109ecee0, 0x00000001109ed470]
Event: 27.376 Thread 0x00007fd91d813000 3697       1       javafx.scene.layout.Border::getOutsets (5 bytes)
Event: 27.376 Thread 0x00007fd91d813000 nmethod 3697 0x0000000117996590 code [0x0000000117996720, 0x00000001179967f0]
Event: 27.387 Thread 0x00007fd91d812a00 nmethod 3681 0x0000000117996890 code [0x0000000117996c60, 0x0000000117998138]
Event: 27.387 Thread 0x00007fd91d812a00 3667       4       java.lang.Character::isHighSurrogate (18 bytes)
Event: 27.387 Thread 0x00007fd91d812a00 nmethod 3667 0x0000000117998f90 code [0x0000000117999100, 0x0000000117999178]
Event: 27.387 Thread 0x00007fd91d812a00 3658       4       com.sun.javafx.geom.RectBounds::getWidth (10 bytes)
Event: 27.388 Thread 0x00007fd91d812a00 nmethod 3658 0x0000000117999290 code [0x0000000117999400, 0x0000000117999478]

GC Heap History (10 events):
Event: 0.809 GC heap before
{Heap before GC invocations=0 (full 0):
 garbage-first heap   total 262144K, used 28672K [0x0000000700000000, 0x0000000800000000)
  region size 2048K, 11 young (22528K), 0 survivors (0K)
 Metaspace       used 11825K, committed 11968K, reserved 1064960K
  class space    used 1263K, committed 1344K, reserved 1048576K
}
Event: 0.819 GC heap after
{Heap after GC invocations=1 (full 0):
 garbage-first heap   total 262144K, used 8768K [0x0000000700000000, 0x0000000800000000)
  region size 2048K, 2 young (4096K), 2 survivors (4096K)
 Metaspace       used 11825K, committed 11968K, reserved 1064960K
  class space    used 1263K, committed 1344K, reserved 1048576K
}
Event: 1.696 GC heap before
{Heap before GC invocations=1 (full 0):
 garbage-first heap   total 262144K, used 94784K [0x0000000700000000, 0x0000000800000000)
  region size 2048K, 10 young (20480K), 2 survivors (4096K)
 Metaspace       used 15071K, committed 15296K, reserved 1064960K
  class space    used 1797K, committed 1920K, reserved 1048576K
}
Event: 1.701 GC heap after
{Heap after GC invocations=2 (full 0):
 garbage-first heap   total 262144K, used 82469K [0x0000000700000000, 0x0000000800000000)
  region size 2048K, 3 young (6144K), 3 survivors (6144K)
 Metaspace       used 15071K, committed 15296K, reserved 1064960K
  class space    used 1797K, committed 1920K, reserved 1048576K
}
Event: 2.129 GC heap before
{Heap before GC invocations=2 (full 0):
 garbage-first heap   total 262144K, used 160293K [0x0000000700000000, 0x0000000800000000)
  region size 2048K, 7 young (14336K), 3 survivors (6144K)
 Metaspace       used 16887K, committed 17152K, reserved 1064960K
  class space    used 2122K, committed 2240K, reserved 1048576K
}
Event: 2.136 GC heap after
{Heap after GC invocations=3 (full 0):
 garbage-first heap   total 262144K, used 155235K [0x0000000700000000, 0x0000000800000000)
  region size 2048K, 3 young (6144K), 3 survivors (6144K)
 Metaspace       used 16887K, committed 17152K, reserved 1064960K
  class space    used 2122K, committed 2240K, reserved 1048576K
}
Event: 2.454 GC heap before
{Heap before GC invocations=4 (full 0):
 garbage-first heap   total 382976K, used 231011K [0x0000000700000000, 0x0000000800000000)
  region size 2048K, 6 young (12288K), 3 survivors (6144K)
 Metaspace       used 17839K, committed 18112K, reserved 1064960K
  class space    used 2240K, committed 2368K, reserved 1048576K
}
Event: 2.462 GC heap after
{Heap after GC invocations=5 (full 0):
 garbage-first heap   total 382976K, used 155663K [0x0000000700000000, 0x0000000800000000)
  region size 2048K, 2 young (4096K), 2 survivors (4096K)
 Metaspace       used 17839K, committed 18112K, reserved 1064960K
  class space    used 2240K, committed 2368K, reserved 1048576K
}
Event: 23.472 GC heap before
{Heap before GC invocations=5 (full 0):
 garbage-first heap   total 382976K, used 182287K [0x0000000700000000, 0x0000000800000000)
  region size 2048K, 15 young (30720K), 2 survivors (4096K)
 Metaspace       used 21522K, committed 21824K, reserved 1073152K
  class space    used 2713K, committed 2880K, reserved 1048576K
}
Event: 23.480 GC heap after
{Heap after GC invocations=6 (full 0):
 garbage-first heap   total 382976K, used 159476K [0x0000000700000000, 0x0000000800000000)
  region size 2048K, 3 young (6144K), 3 survivors (6144K)
 Metaspace       used 21522K, committed 21824K, reserved 1073152K
  class space    used 2713K, committed 2880K, reserved 1048576K
}

Deoptimization events (20 events):
Event: 23.839 Thread 0x00007fd91c837c00 Uncommon trap: trap_request=0xffffffc6 fr.pc=0x00000001178ee48c relative=0x000000000000052c
Event: 23.839 Thread 0x00007fd91c837c00 Uncommon trap: reason=bimorphic_or_optimized_type_check action=maybe_recompile pc=0x00000001178ee48c method=com.sun.javafx.geom.Path2D$TxIterator.currentSegment([F)I @ 40 c2
Event: 23.839 Thread 0x00007fd91c837c00 DEOPT PACKING pc=0x00000001178ee48c sp=0x00000003061e42c0
Event: 23.839 Thread 0x00007fd91c837c00 DEOPT UNPACKING pc=0x000000010fd38093 sp=0x00000003061e4278 mode 2
Event: 23.839 Thread 0x00007fd91c837c00 Uncommon trap: trap_request=0xffffffc6 fr.pc=0x00000001178ee48c relative=0x000000000000052c
Event: 23.839 Thread 0x00007fd91c837c00 Uncommon trap: reason=bimorphic_or_optimized_type_check action=maybe_recompile pc=0x00000001178ee48c method=com.sun.javafx.geom.Path2D$TxIterator.currentSegment([F)I @ 40 c2
Event: 23.839 Thread 0x00007fd91c837c00 DEOPT PACKING pc=0x00000001178ee48c sp=0x00000003061e42c0
Event: 23.839 Thread 0x00007fd91c837c00 DEOPT UNPACKING pc=0x000000010fd38093 sp=0x00000003061e4278 mode 2
Event: 25.282 Thread 0x00007fd91d87ba00 Uncommon trap: trap_request=0xffffff45 fr.pc=0x0000000117956230 relative=0x0000000000000730
Event: 25.282 Thread 0x00007fd91d87ba00 Uncommon trap: reason=unstable_if action=reinterpret pc=0x0000000117956230 method=javafx.scene.Node.isVisible()Z @ 4 c2
Event: 25.282 Thread 0x00007fd91d87ba00 DEOPT PACKING pc=0x0000000117956230 sp=0x0000000304d187a0
Event: 25.282 Thread 0x00007fd91d87ba00 DEOPT UNPACKING pc=0x000000010fd38093 sp=0x0000000304d18660 mode 2
Event: 25.289 Thread 0x00007fd91d87ba00 Uncommon trap: trap_request=0xffffff45 fr.pc=0x0000000117954e10 relative=0x0000000000000470
Event: 25.289 Thread 0x00007fd91d87ba00 Uncommon trap: reason=unstable_if action=reinterpret pc=0x0000000117954e10 method=javafx.scene.Node.isVisible()Z @ 4 c2
Event: 25.289 Thread 0x00007fd91d87ba00 DEOPT PACKING pc=0x0000000117954e10 sp=0x0000000304d18710
Event: 25.289 Thread 0x00007fd91d87ba00 DEOPT UNPACKING pc=0x000000010fd38093 sp=0x0000000304d18658 mode 2
Event: 27.363 Thread 0x00007fd91d87ba00 Uncommon trap: trap_request=0xffffffde fr.pc=0x00000001178acc74 relative=0x0000000000000854
Event: 27.363 Thread 0x00007fd91d87ba00 Uncommon trap: reason=class_check action=maybe_recompile pc=0x00000001178acc74 method=javafx.scene.Node.updateLocalToParentTransform()V @ 11 c2
Event: 27.363 Thread 0x00007fd91d87ba00 DEOPT PACKING pc=0x00000001178acc74 sp=0x0000000304d17d90
Event: 27.363 Thread 0x00007fd91d87ba00 DEOPT UNPACKING pc=0x000000010fd38093 sp=0x0000000304d17d40 mode 2

Classes unloaded (0 events):
No events

Classes redefined (0 events):
No events

Internal exceptions (20 events):
Event: 2.082 Thread 0x00007fd91d87ba00 Exception <a 'java/lang/NoSuchMethodError'{0x000000070fb19980}: 'void java.lang.invoke.DirectMethodHandle$Holder.invokeSpecial(java.lang.Object, java.lang.Object, java.lang.Object, java.lang.Object, java.lang.Object)'> (0x000000070fb19980) 
thrown [src/hotspot/share/interpreter/linkResolver.cpp, line 766]
Event: 2.083 Thread 0x00007fd91d87ba00 Exception <a 'java/lang/NoSuchMethodError'{0x000000070fb2bbe0}: 'java.lang.Object java.lang.invoke.DirectMethodHandle$Holder.invokeInterface(java.lang.Object, java.lang.Object, java.lang.Object)'> (0x000000070fb2bbe0) 
thrown [src/hotspot/share/interpreter/linkResolver.cpp, line 766]
Event: 2.084 Thread 0x00007fd91d87ba00 Exception <a 'java/lang/IncompatibleClassChangeError'{0x000000070fb2f568}: Found class java.lang.Object, but interface was expected> (0x000000070fb2f568) 
thrown [src/hotspot/share/interpreter/linkResolver.cpp, line 833]
Event: 2.122 Thread 0x00007fd91d87ba00 Exception <a 'java/lang/NoSuchMethodError'{0x000000070f8dc0a0}: 'java.lang.Object java.lang.invoke.DirectMethodHandle$Holder.newInvokeSpecial(java.lang.Object, java.lang.Object, int)'> (0x000000070f8dc0a0) 
thrown [src/hotspot/share/interpreter/linkResolver.cpp, line 766]
Event: 2.385 Thread 0x00007fd91c837c00 Exception <a 'java/lang/NoSuchMethodError'{0x0000000717465d98}: 'int java.lang.invoke.DirectMethodHandle$Holder.invokeStaticInit(java.lang.Object, java.lang.Object)'> (0x0000000717465d98) 
thrown [src/hotspot/share/interpreter/linkResolver.cpp, line 766]
Event: 3.470 Thread 0x00007fd91d87ba00 Exception <a 'java/lang/NoSuchMethodError'{0x00000007175bc2e0}: 'long java.lang.invoke.DirectMethodHandle$Holder.invokeStatic(java.lang.Object, java.lang.Object, java.lang.Object)'> (0x00000007175bc2e0) 
thrown [src/hotspot/share/interpreter/linkResolver.cpp, line 766]
Event: 3.472 Thread 0x00007fd91d87ba00 Exception <a 'java/lang/NoSuchMethodError'{0x00000007175bfa88}: 'long java.lang.invoke.DirectMethodHandle$Holder.invokeStaticInit(java.lang.Object, java.lang.Object, java.lang.Object)'> (0x00000007175bfa88) 
thrown [src/hotspot/share/interpreter/linkResolver.cpp, line 766]
Event: 3.475 Thread 0x00007fd91d87ba00 Exception <a 'java/lang/NoSuchMethodError'{0x00000007175d7688}: 'java.lang.Object java.lang.invoke.DirectMethodHandle$Holder.newInvokeSpecial(java.lang.Object, java.lang.Object, long)'> (0x00000007175d7688) 
thrown [src/hotspot/share/interpreter/linkResolver.cpp, line 766]
Event: 3.475 Thread 0x00007fd91d87ba00 Exception <a 'java/lang/NoSuchMethodError'{0x00000007175daf50}: 'java.lang.Object java.lang.invoke.Invokers$Holder.linkToTargetMethod(java.lang.Object, long, java.lang.Object)'> (0x00000007175daf50) 
thrown [src/hotspot/share/interpreter/linkResolver.cpp, line 766]
Event: 6.915 Thread 0x00007fd91d87ba00 Exception <a 'java/lang/NoSuchMethodError'{0x00000007173fbf68}: 'java.lang.Object java.lang.invoke.DirectMethodHandle$Holder.newInvokeSpecial(java.lang.Object, java.lang.Object, int, int, int, int, int, java.lang.Object)'> (0x00000007173fbf68) 
thrown [src/hotspot/share/interpreter/linkResolver.cpp, line 766]
Event: 6.916 Thread 0x00007fd91d87ba00 Exception <a 'java/lang/NoSuchMethodError'{0x0000000716cb8a68}: 'java.lang.Object java.lang.invoke.DirectMethodHandle$Holder.newInvokeSpecial(java.lang.Object, java.lang.Object, java.lang.Object, int, int, int, int, int)'> (0x0000000716cb8a68) 
thrown [src/hotspot/share/interpreter/linkResolver.cpp, line 766]
Event: 6.917 Thread 0x00007fd91d87ba00 Exception <a 'java/lang/NoSuchMethodError'{0x0000000716cc02c8}: 'java.lang.Object java.lang.invoke.Invokers$Holder.linkToTargetMethod(java.lang.Object, java.lang.Object, int, int, int, int, int, java.lang.Object)'> (0x0000000716cc02c8) 
thrown [src/hotspot/share/interpreter/linkResolver.cpp, line 766]
Event: 9.994 Thread 0x00007fd91d87ba00 Exception <a 'java/lang/NoSuchMethodError'{0x0000000716d7f468}: 'void java.lang.invoke.DirectMethodHandle$Holder.invokeSpecial(java.lang.Object, java.lang.Object, java.lang.Object, java.lang.Object, java.lang.Object, java.lang.Object)'> (0x0000000716d7f468) 
thrown [src/hotspot/share/interpreter/linkResolver.cpp, line 766]
Event: 21.052 Thread 0x00007fd91d87ba00 Exception <a 'java/lang/NoSuchMethodError'{0x000000071655eeb8}: 'java.lang.Object java.lang.invoke.DirectMethodHandle$Holder.newInvokeSpecial(java.lang.Object, java.lang.Object, int, int)'> (0x000000071655eeb8) 
thrown [src/hotspot/share/interpreter/linkResolver.cpp, line 766]
Event: 21.059 Thread 0x00007fd91d87ba00 Exception <a 'java/lang/NoSuchMethodError'{0x0000000716566580}: 'java.lang.Object java.lang.invoke.Invokers$Holder.linkToTargetMethod(java.lang.Object, int, int, java.lang.Object)'> (0x0000000716566580) 
thrown [src/hotspot/share/interpreter/linkResolver.cpp, line 766]
Event: 21.070 Thread 0x00007fd91d87ba00 Exception <a 'java/lang/NoSuchMethodError'{0x0000000716584078}: 'java.lang.Object java.lang.invoke.DirectMethodHandle$Holder.newInvokeSpecial(java.lang.Object, java.lang.Object, java.lang.Object, int, int)'> (0x0000000716584078) 
thrown [src/hotspot/share/interpreter/linkResolver.cpp, line 766]
Event: 21.070 Thread 0x00007fd91d87ba00 Exception <a 'java/lang/NoSuchMethodError'{0x000000071658b8f0}: 'java.lang.Object java.lang.invoke.Invokers$Holder.linkToTargetMethod(java.lang.Object, java.lang.Object, int, int, java.lang.Object)'> (0x000000071658b8f0) 
thrown [src/hotspot/share/interpreter/linkResolver.cpp, line 766]
Event: 23.300 Thread 0x00007fd91d87ba00 Exception <a 'java/lang/ClassNotFoundException'{0x0000000715cc2050}: com/sun/javafx/scene/control/skin/resources/controls> (0x0000000715cc2050) 
thrown [src/hotspot/share/prims/jni.cpp, line 535]
Event: 23.301 Thread 0x00007fd91d87ba00 Exception <a 'java/lang/ClassNotFoundException'{0x0000000715ccfff8}: com/sun/javafx/scene/control/skin/resources/controls_en> (0x0000000715ccfff8) 
thrown [src/hotspot/share/prims/jni.cpp, line 535]
Event: 23.302 Thread 0x00007fd91d87ba00 Exception <a 'java/lang/ClassNotFoundException'{0x0000000715cd1760}: com/sun/javafx/scene/control/skin/resources/controls_en_EG> (0x0000000715cd1760) 
thrown [src/hotspot/share/prims/jni.cpp, line 535]

VM Operations (20 events):
Event: 23.282 Executing VM operation: HandshakeAllThreads
Event: 23.282 Executing VM operation: HandshakeAllThreads done
Event: 23.303 Executing VM operation: HandshakeAllThreads
Event: 23.306 Executing VM operation: HandshakeAllThreads done
Event: 23.346 Executing VM operation: HandshakeAllThreads
Event: 23.346 Executing VM operation: HandshakeAllThreads done
Event: 23.384 Executing VM operation: HandshakeAllThreads
Event: 23.384 Executing VM operation: HandshakeAllThreads done
Event: 23.470 Executing VM operation: G1TryInitiateConcMark
Event: 23.480 Executing VM operation: G1TryInitiateConcMark done
Event: 23.805 Executing VM operation: HandshakeAllThreads
Event: 23.805 Executing VM operation: HandshakeAllThreads done
Event: 23.807 Executing VM operation: HandshakeAllThreads
Event: 23.807 Executing VM operation: HandshakeAllThreads done
Event: 24.812 Executing VM operation: Cleanup
Event: 24.814 Executing VM operation: Cleanup done
Event: 25.819 Executing VM operation: Cleanup
Event: 25.819 Executing VM operation: Cleanup done
Event: 27.825 Executing VM operation: Cleanup
Event: 27.827 Executing VM operation: Cleanup done

Events (20 events):
Event: 27.916 Protecting memory [0x0000000306587000,0x000000030658b000] with protection modes 3
Event: 27.916 Thread 0x00007fd91cad9800 Thread exited: 0x00007fd91cad9800
Event: 27.917 loading class java/util/IdentityHashMap$KeyIterator
Event: 27.917 loading class java/util/IdentityHashMap$IdentityHashMapIterator
Event: 27.917 loading class java/util/IdentityHashMap$IdentityHashMapIterator done
Event: 27.917 loading class java/util/IdentityHashMap$KeyIterator done
Event: 27.917 Protecting memory [0x0000000304da2000,0x0000000304da6000] with protection modes 3
Event: 27.918 Protecting memory [0x000000030451f000,0x0000000304523000] with protection modes 3
Event: 27.918 Thread 0x00007fd91d008200 Thread exited: 0x00007fd91d008200
Event: 27.918 Thread 0x00007fd91d87ba00 Thread exited: 0x00007fd91d87ba00
Event: 27.918 Protecting memory [0x0000000304da2000,0x0000000304da6000] with protection modes 0
Event: 27.918 Thread 0x00007fd8be1a8600 Thread added: 0x00007fd8be1a8600
Event: 27.918 Thread 0x00007fd8bd009200 Thread added: 0x00007fd8bd009200
Event: 27.918 Protecting memory [0x0000000306586000,0x000000030658a000] with protection modes 0
Event: 27.919 Protecting memory [0x0000000306586000,0x000000030658a000] with protection modes 3
Event: 27.919 Thread 0x00007fd8bd009200 Thread exited: 0x00007fd8bd009200
Event: 27.919 Protecting memory [0x00000003060e6000,0x00000003060ea000] with protection modes 3
Event: 27.919 Thread 0x00007fd91c837c00 Thread exited: 0x00007fd91c837c00
Event: 27.920 Protecting memory [0x0000000304da2000,0x0000000304da6000] with protection modes 3
Event: 27.920 Thread 0x00007fd8be1a8600 Thread exited: 0x00007fd8be1a8600


Dynamic libraries:
0x0000000108a2f000 	/Users/amgadtahoun/.p2/pool/plugins/org.eclipse.justj.openjdk.hotspot.jre.full.macosx.x86_64_17.0.2.v20220201-1208/jre/lib/libjli.dylib
0x00007ff818d7a000 	/usr/lib/libz.1.dylib
0x00007ff818e69000 	/usr/lib/libSystem.B.dylib
0x00007ff818e63000 	/usr/lib/system/libcache.dylib
0x00007ff818e1a000 	/usr/lib/system/libcommonCrypto.dylib
0x00007ff818e47000 	/usr/lib/system/libcompiler_rt.dylib
0x00007ff818e39000 	/usr/lib/system/libcopyfile.dylib
0x00007ff80c6ff000 	/usr/lib/system/libcorecrypto.dylib
0x00007ff80c7c3000 	/usr/lib/system/libdispatch.dylib
0x00007ff80c96d000 	/usr/lib/system/libdyld.dylib
0x00007ff818e59000 	/usr/lib/system/libkeymgr.dylib
0x00007ff818df9000 	/usr/lib/system/libmacho.dylib
0x00007ff818302000 	/usr/lib/system/libquarantine.dylib
0x00007ff818e57000 	/usr/lib/system/libremovefile.dylib
0x00007ff811503000 	/usr/lib/system/libsystem_asl.dylib
0x00007ff80c6a0000 	/usr/lib/system/libsystem_blocks.dylib
0x00007ff80c80e000 	/usr/lib/system/libsystem_c.dylib
0x00007ff818e4f000 	/usr/lib/system/libsystem_collections.dylib
0x00007ff8173dc000 	/usr/lib/system/libsystem_configuration.dylib
0x00007ff816481000 	/usr/lib/system/libsystem_containermanager.dylib
0x00007ff818aae000 	/usr/lib/system/libsystem_coreservices.dylib
0x00007ff80f553000 	/usr/lib/system/libsystem_darwin.dylib
0x00007ff818e5a000 	/usr/lib/system/libsystem_dnssd.dylib
0x00007ff80c80b000 	/usr/lib/system/libsystem_featureflags.dylib
0x00007ff80c99b000 	/usr/lib/system/libsystem_info.dylib
0x00007ff818d8d000 	/usr/lib/system/libsystem_m.dylib
0x00007ff80c796000 	/usr/lib/system/libsystem_malloc.dylib
0x00007ff811486000 	/usr/lib/system/libsystem_networkextension.dylib
0x00007ff80f994000 	/usr/lib/system/libsystem_notify.dylib
0x00007ff8173e0000 	/usr/lib/system/libsystem_sandbox.dylib
0x00007ff818e54000 	/usr/lib/system/libsystem_secinit.dylib
0x00007ff80c927000 	/usr/lib/system/libsystem_kernel.dylib
0x00007ff80c991000 	/usr/lib/system/libsystem_platform.dylib
0x00007ff80c961000 	/usr/lib/system/libsystem_pthread.dylib
0x00007ff812f48000 	/usr/lib/system/libsystem_symptoms.dylib
0x00007ff80c6e5000 	/usr/lib/system/libsystem_trace.dylib
0x00007ff818e26000 	/usr/lib/system/libunwind.dylib
0x00007ff80c6a4000 	/usr/lib/system/libxpc.dylib
0x00007ff80c912000 	/usr/lib/libc++abi.dylib
0x00007ff80c5cc000 	/usr/lib/libobjc.A.dylib
0x00007ff818e31000 	/usr/lib/liboah.dylib
0x00007ff80c896000 	/usr/lib/libc++.1.dylib
0x00007ff8263ab000 	/System/Library/Frameworks/Cocoa.framework/Versions/A/Cocoa
0x00007ff80f9f6000 	/System/Library/Frameworks/AppKit.framework/Versions/C/AppKit
0x00007ff8126ff000 	/System/Library/Frameworks/CoreData.framework/Versions/A/CoreData
0x00007ff80d7cd000 	/System/Library/Frameworks/Foundation.framework/Versions/C/Foundation
0x00007ff8109fe000 	/System/Library/PrivateFrameworks/UIFoundation.framework/Versions/A/UIFoundation
0x00007ffb0f3a7000 	/System/Library/PrivateFrameworks/CollectionViewCore.framework/Versions/A/CollectionViewCore
0x00007ff8202ca000 	/System/Library/PrivateFrameworks/RemoteViewServices.framework/Versions/A/RemoteViewServices
0x00007ff816c62000 	/System/Library/PrivateFrameworks/XCTTargetBootstrap.framework/Versions/A/XCTTargetBootstrap
0x00007ff81bdac000 	/System/Library/PrivateFrameworks/InternationalSupport.framework/Versions/A/InternationalSupport
0x00007ff81be35000 	/System/Library/PrivateFrameworks/UserActivity.framework/Versions/A/UserActivity
0x00007ffb262d4000 	/System/Library/PrivateFrameworks/WindowManagement.framework/Versions/A/WindowManagement
0x00007ff80d4bc000 	/System/Library/Frameworks/SystemConfiguration.framework/Versions/A/SystemConfiguration
0x00007ff81b18c000 	/usr/lib/libspindump.dylib
0x00007ff810bcc000 	/System/Library/Frameworks/UniformTypeIdentifiers.framework/Versions/A/UniformTypeIdentifiers
0x00007ff814e1e000 	/usr/lib/libapp_launch_measurement.dylib
0x00007ff813b86000 	/System/Library/PrivateFrameworks/CoreAnalytics.framework/Versions/A/CoreAnalytics
0x00007ff814e21000 	/System/Library/PrivateFrameworks/CoreAutoLayout.framework/Versions/A/CoreAutoLayout
0x00007ff8164cf000 	/System/Library/Frameworks/Metal.framework/Versions/A/Metal
0x00007ff8173eb000 	/usr/lib/liblangid.dylib
0x00007ff816c67000 	/System/Library/PrivateFrameworks/CoreSVG.framework/Versions/A/CoreSVG
0x00007ff811535000 	/System/Library/PrivateFrameworks/SkyLight.framework/Versions/A/SkyLight
0x00007ff811928000 	/System/Library/Frameworks/CoreGraphics.framework/Versions/A/CoreGraphics
0x00007ff8209b0000 	/System/Library/Frameworks/Accelerate.framework/Versions/A/Accelerate
0x00007ff81abfd000 	/System/Library/PrivateFrameworks/IconServices.framework/Versions/A/IconServices
0x00007ff8164b0000 	/System/Library/Frameworks/IOSurface.framework/Versions/A/IOSurface
0x00007ff813bb1000 	/usr/lib/libDiagnosticMessagesClient.dylib
0x00007ff82406b000 	/System/Library/Frameworks/ApplicationServices.framework/Versions/A/ApplicationServices
0x00007ff816c4e000 	/System/Library/PrivateFrameworks/DFRFoundation.framework/Versions/A/DFRFoundation
0x00007ff80f2c2000 	/usr/lib/libicucore.A.dylib
0x00007ff81cc49000 	/System/Library/Frameworks/AudioToolbox.framework/Versions/A/AudioToolbox
0x00007ff81bdb7000 	/System/Library/PrivateFrameworks/DataDetectorsCore.framework/Versions/A/DataDetectorsCore
0x00007ff914372000 	/System/Library/PrivateFrameworks/TextInput.framework/Versions/A/TextInput
0x00007ff81149e000 	/usr/lib/libMobileGestalt.dylib
0x00007ff816956000 	/System/Library/Frameworks/Carbon.framework/Versions/A/Frameworks/HIToolbox.framework/Versions/A/HIToolbox
0x00007ff8147ab000 	/System/Library/Frameworks/QuartzCore.framework/Versions/A/QuartzCore
0x00007ff80ef35000 	/System/Library/Frameworks/Security.framework/Versions/A/Security
0x00007ff820302000 	/System/Library/Frameworks/Carbon.framework/Versions/A/Frameworks/SpeechRecognition.framework/Versions/A/SpeechRecognition
0x00007ff814b5d000 	/System/Library/PrivateFrameworks/CoreUI.framework/Versions/A/CoreUI
0x00007ff80e883000 	/System/Library/Frameworks/CoreAudio.framework/Versions/A/CoreAudio
0x00007ff813c8a000 	/System/Library/Frameworks/DiskArbitration.framework/Versions/A/DiskArbitration
0x00007ff81b5a8000 	/System/Library/PrivateFrameworks/MultitouchSupport.framework/Versions/A/MultitouchSupport
0x00007ff81149d000 	/usr/lib/libenergytrace.dylib
0x00007ff80f8d7000 	/System/Library/Frameworks/IOKit.framework/Versions/A/IOKit
0x00007ff8206ff000 	/System/Library/Frameworks/CoreServices.framework/Versions/A/CoreServices
0x00007ff814db6000 	/System/Library/PrivateFrameworks/PerformanceAnalysis.framework/Versions/A/PerformanceAnalysis
0x00007ffa246c5000 	/System/Library/Frameworks/OpenGL.framework/Versions/A/OpenGL
0x00007ff814e69000 	/usr/lib/libxml2.2.dylib
0x00007ff818214000 	/System/Library/PrivateFrameworks/MobileKeyBag.framework/Versions/A/MobileKeyBag
0x00007ff812135000 	/System/Library/Frameworks/ColorSync.framework/Versions/A/ColorSync
0x00007ff80c9c6000 	/System/Library/Frameworks/CoreFoundation.framework/Versions/A/CoreFoundation
0x00007ff816fb7000 	/System/Library/Frameworks/CoreImage.framework/Versions/A/CoreImage
0x00007ff80e691000 	/System/Library/Frameworks/CoreText.framework/Versions/A/CoreText
0x00007ff816c9e000 	/System/Library/Frameworks/ImageIO.framework/Versions/A/ImageIO
0x00007ff818e6f000 	/System/Library/PrivateFrameworks/SoftLinking.framework/Versions/A/SoftLinking
0x00007ff8190f0000 	/usr/lib/libcompression.dylib
0x00007ff81bce5000 	/System/Library/PrivateFrameworks/TextureIO.framework/Versions/A/TextureIO
0x00007ff81a827000 	/usr/lib/libate.dylib
0x00007ff81a5b5000 	/usr/lib/liblzma.5.dylib
0x00007ff818e6b000 	/usr/lib/libfakelink.dylib
0x00007ff8110e4000 	/System/Library/Frameworks/CFNetwork.framework/Versions/A/CFNetwork
0x00007ff818fa8000 	/usr/lib/libarchive.2.dylib
0x00007ff81e598000 	/System/Library/Frameworks/Combine.framework/Versions/A/Combine
0x00007ff81c6e6000 	/usr/lib/swift/libswiftCore.dylib
0x00007ff911347000 	/usr/lib/swift/libswiftCoreFoundation.dylib
0x00007ff90f40b000 	/usr/lib/swift/libswiftDarwin.dylib
0x00007ff821f4c000 	/usr/lib/swift/libswiftDispatch.dylib
0x00007ff911363000 	/usr/lib/swift/libswiftIOKit.dylib
0x00007ff8244aa000 	/usr/lib/swift/libswiftObjectiveC.dylib
0x00007ff911358000 	/usr/lib/swift/libswiftXPC.dylib
0x00007ffc0ce90000 	/usr/lib/swift/libswift_Concurrency.dylib
0x00007ffc0cfcd000 	/usr/lib/swift/libswift_StringProcessing.dylib
0x00007ff8244ae000 	/usr/lib/swift/libswiftos.dylib
0x00007ff80f85a000 	/System/Library/PrivateFrameworks/CoreServicesInternal.framework/Versions/A/CoreServicesInternal
0x00007ff818329000 	/usr/lib/libbsm.0.dylib
0x00007ff818dfe000 	/usr/lib/system/libkxld.dylib
0x00007ff814dea000 	/System/Library/Frameworks/CoreServices.framework/Versions/A/Frameworks/FSEvents.framework/Versions/A/FSEvents
0x00007ff80f55e000 	/System/Library/Frameworks/CoreServices.framework/Versions/A/Frameworks/CarbonCore.framework/Versions/A/CarbonCore
0x00007ff813bf4000 	/System/Library/Frameworks/CoreServices.framework/Versions/A/Frameworks/Metadata.framework/Versions/A/Metadata
0x00007ff818ab4000 	/System/Library/Frameworks/CoreServices.framework/Versions/A/Frameworks/OSServices.framework/Versions/A/OSServices
0x00007ff819030000 	/System/Library/Frameworks/CoreServices.framework/Versions/A/Frameworks/SearchKit.framework/Versions/A/SearchKit
0x00007ff812ecc000 	/System/Library/Frameworks/CoreServices.framework/Versions/A/Frameworks/AE.framework/Versions/A/AE
0x00007ff80ce61000 	/System/Library/Frameworks/CoreServices.framework/Versions/A/Frameworks/LaunchServices.framework/Versions/A/LaunchServices
0x00007ff81a566000 	/System/Library/Frameworks/CoreServices.framework/Versions/A/Frameworks/DictionaryServices.framework/Versions/A/DictionaryServices
0x00007ff814df7000 	/System/Library/Frameworks/CoreServices.framework/Versions/A/Frameworks/SharedFileList.framework/Versions/A/SharedFileList
0x00007ff8190ba000 	/usr/lib/libapple_nghttp2.dylib
0x00007ff8110e0000 	/usr/lib/libnetwork.dylib
0x00007ff812b7e000 	/usr/lib/libsqlite3.dylib
0x00007ff812f50000 	/System/Library/Frameworks/Network.framework/Versions/A/Network
0x00007ffb2bcfd000 	/usr/lib/libCoreEntitlements.dylib
0x00007ffb18e19000 	/System/Library/PrivateFrameworks/MessageSecurity.framework/Versions/A/MessageSecurity
0x00007ff812b65000 	/System/Library/PrivateFrameworks/ProtocolBuffer.framework/Versions/A/ProtocolBuffer
0x00007ff8189d0000 	/System/Library/PrivateFrameworks/AppleFSCompression.framework/Versions/A/AppleFSCompression
0x00007ff818311000 	/usr/lib/libcoretls.dylib
0x00007ff81a5ce000 	/usr/lib/libcoretls_cfhelpers.dylib
0x00007ff8190ea000 	/usr/lib/libpam.2.dylib
0x00007ff81a640000 	/usr/lib/libxar.1.dylib
0x00007ff81abd9000 	/usr/lib/libheimdal-asn1.dylib
0x00007ff818e70000 	/usr/lib/libpcap.A.dylib
0x00007ff812f3f000 	/usr/lib/libdns_services.dylib
0x00007ff8173e7000 	/System/Library/PrivateFrameworks/AppleSystemInfo.framework/Versions/A/AppleSystemInfo
0x00007ff81801b000 	/System/Library/PrivateFrameworks/IOMobileFramebuffer.framework/Versions/A/IOMobileFramebuffer
0x00007ff818a9f000 	/usr/lib/libbz2.1.0.dylib
0x00007ff818305000 	/usr/lib/libCheckFix.dylib
0x00007ff81151a000 	/System/Library/PrivateFrameworks/TCC.framework/Versions/A/TCC
0x00007ff8173ed000 	/System/Library/PrivateFrameworks/CoreNLP.framework/Versions/A/CoreNLP
0x00007ff813bb3000 	/System/Library/PrivateFrameworks/MetadataUtilities.framework/Versions/A/MetadataUtilities
0x00007ff81833a000 	/usr/lib/libmecab.dylib
0x00007ff80d53c000 	/usr/lib/libCRFSuite.dylib
0x00007ff818393000 	/usr/lib/libgermantok.dylib
0x00007ff819096000 	/usr/lib/libThaiTokenizer.dylib
0x00007ff813c92000 	/System/Library/Frameworks/Accelerate.framework/Versions/A/Frameworks/vImage.framework/Versions/A/vImage
0x00007ff8206d2000 	/System/Library/Frameworks/Accelerate.framework/Versions/A/Frameworks/vecLib.framework/Versions/A/vecLib
0x00007ff81a682000 	/System/Library/Frameworks/Accelerate.framework/Versions/A/Frameworks/vecLib.framework/Versions/A/libvMisc.dylib
0x00007ff817e16000 	/System/Library/Frameworks/Accelerate.framework/Versions/A/Frameworks/vecLib.framework/Versions/A/libvDSP.dylib
0x00007ff80d21f000 	/System/Library/Frameworks/Accelerate.framework/Versions/A/Frameworks/vecLib.framework/Versions/A/libBLAS.dylib
0x00007ff8191ce000 	/System/Library/Frameworks/Accelerate.framework/Versions/A/Frameworks/vecLib.framework/Versions/A/libLAPACK.dylib
0x00007ff818396000 	/System/Library/Frameworks/Accelerate.framework/Versions/A/Frameworks/vecLib.framework/Versions/A/libLinearAlgebra.dylib
0x00007ff8190d5000 	/System/Library/Frameworks/Accelerate.framework/Versions/A/Frameworks/vecLib.framework/Versions/A/libSparseBLAS.dylib
0x00007ff8191c8000 	/System/Library/Frameworks/Accelerate.framework/Versions/A/Frameworks/vecLib.framework/Versions/A/libQuadrature.dylib
0x00007ff8174d3000 	/System/Library/Frameworks/Accelerate.framework/Versions/A/Frameworks/vecLib.framework/Versions/A/libBNNS.dylib
0x00007ff80d445000 	/System/Library/Frameworks/Accelerate.framework/Versions/A/Frameworks/vecLib.framework/Versions/A/libSparse.dylib
0x00007ffb18057000 	/System/Library/PrivateFrameworks/MIL.framework/Versions/A/MIL
0x00007ff818ea5000 	/usr/lib/libiconv.2.dylib
0x00007ff818df8000 	/usr/lib/libcharset.1.dylib
0x00007ff814dce000 	/System/Library/Frameworks/OpenDirectory.framework/Versions/A/Frameworks/CFOpenDirectory.framework/Versions/A/CFOpenDirectory
0x00007ff814dc2000 	/System/Library/Frameworks/OpenDirectory.framework/Versions/A/OpenDirectory
0x00007ff81a5d0000 	/System/Library/PrivateFrameworks/APFS.framework/Versions/A/APFS
0x00007ff818247000 	/System/Library/Frameworks/SecurityFoundation.framework/Versions/A/SecurityFoundation
0x00007ff81a64e000 	/usr/lib/libutil.dylib
0x00007ffb16fd3000 	/System/Library/PrivateFrameworks/InstalledContentLibrary.framework/Versions/A/InstalledContentLibrary
0x00007ff80f89a000 	/System/Library/PrivateFrameworks/CoreServicesStore.framework/Versions/A/CoreServicesStore
0x00007ffb0df49000 	/System/Library/PrivateFrameworks/AppleMobileFileIntegrity.framework/Versions/A/AppleMobileFileIntegrity
0x00007ff911329000 	/usr/lib/libmis.dylib
0x00007ff91fbd1000 	/System/Library/PrivateFrameworks/MobileSystemServices.framework/Versions/A/MobileSystemServices
0x00007ffa1b939000 	/System/Library/PrivateFrameworks/ConfigProfileHelper.framework/Versions/A/ConfigProfileHelper
0x00007ff819098000 	/System/Library/PrivateFrameworks/AppleSauce.framework/Versions/A/AppleSauce
0x00007ff80e156000 	/System/Library/PrivateFrameworks/LanguageModeling.framework/Versions/A/LanguageModeling
0x00007ff81a652000 	/usr/lib/libxslt.1.dylib
0x00007ff818f97000 	/usr/lib/libcmph.dylib
0x00007ff818008000 	/System/Library/PrivateFrameworks/CoreEmoji.framework/Versions/A/CoreEmoji
0x00007ff8174ce000 	/System/Library/PrivateFrameworks/LinguisticData.framework/Versions/A/LinguisticData
0x00007ff80d3fc000 	/System/Library/PrivateFrameworks/Lexicon.framework/Versions/A/Lexicon
0x00007ff8182d5000 	/System/Library/PrivateFrameworks/BackgroundTaskManagement.framework/Versions/A/BackgroundTaskManagement
0x00007ffb2be3f000 	/usr/lib/libTLE.dylib
0x00007ffc0cf16000 	/usr/lib/swift/libswift_RegexParser.dylib
0x00007ff81b472000 	/System/Library/PrivateFrameworks/AppleJPEG.framework/Versions/A/AppleJPEG
0x00007ff81abbe000 	/usr/lib/libexpat.1.dylib
0x00007ff81bb42000 	/System/Library/Frameworks/ImageIO.framework/Versions/A/Resources/libPng.dylib
0x00007ff81bb6f000 	/System/Library/Frameworks/ImageIO.framework/Versions/A/Resources/libTIFF.dylib
0x00007ff81bc5f000 	/System/Library/Frameworks/ImageIO.framework/Versions/A/Resources/libGIF.dylib
0x00007ff81b4bd000 	/System/Library/Frameworks/ImageIO.framework/Versions/A/Resources/libJP2.dylib
0x00007ff81bbff000 	/System/Library/Frameworks/ImageIO.framework/Versions/A/Resources/libJPEG.dylib
0x00007ff81bbf6000 	/System/Library/Frameworks/ImageIO.framework/Versions/A/Resources/libRadiance.dylib
0x00007ff8167ef000 	/System/Library/PrivateFrameworks/FontServices.framework/libFontParser.dylib
0x00007ff812e71000 	/System/Library/PrivateFrameworks/RunningBoardServices.framework/Versions/A/RunningBoardServices
0x00007ff826a57000 	/System/Library/PrivateFrameworks/IOSurfaceAccelerator.framework/Versions/A/IOSurfaceAccelerator
0x00007ff81b5a4000 	/System/Library/PrivateFrameworks/WatchdogClient.framework/Versions/A/WatchdogClient
0x00007ff80e2bc000 	/System/Library/Frameworks/CoreDisplay.framework/Versions/A/CoreDisplay
0x00007ff8166de000 	/System/Library/Frameworks/CoreMedia.framework/Versions/A/CoreMedia
0x00007ff8164c6000 	/System/Library/PrivateFrameworks/IOAccelerator.framework/Versions/A/IOAccelerator
0x00007ff814f48000 	/System/Library/Frameworks/CoreVideo.framework/Versions/A/CoreVideo
0x00007ff8190e8000 	/System/Library/Frameworks/MetalPerformanceShaders.framework/Versions/A/MetalPerformanceShaders
0x00007ff81b5e3000 	/System/Library/Frameworks/VideoToolbox.framework/Versions/A/VideoToolbox
0x00007ff812daf000 	/System/Library/PrivateFrameworks/BaseBoard.framework/Versions/A/BaseBoard
0x00007ff81bbef000 	/System/Library/PrivateFrameworks/GPUWrangler.framework/Versions/A/GPUWrangler
0x00007ff81bbd3000 	/System/Library/PrivateFrameworks/IOPresentment.framework/Versions/A/IOPresentment
0x00007ff81bbf9000 	/System/Library/PrivateFrameworks/DSExternalDisplay.framework/Versions/A/DSExternalDisplay
0x00007ffb134c8000 	/System/Library/PrivateFrameworks/GPUCompiler.framework/Versions/31001/Libraries/libllvm-flatbuffers.dylib
0x00007ffa246b9000 	/System/Library/Frameworks/OpenGL.framework/Versions/A/Libraries/libCoreFSCache.dylib
0x00007ffb134c4000 	/System/Library/PrivateFrameworks/GPUCompiler.framework/Versions/31001/Libraries/libGPUCompilerUtils.dylib
0x00007ff81bc65000 	/System/Library/PrivateFrameworks/CMCaptureCore.framework/Versions/A/CMCaptureCore
0x00007ffa28371000 	/System/Library/Frameworks/ExtensionFoundation.framework/Versions/A/ExtensionFoundation
0x00007ff8226e4000 	/System/Library/PrivateFrameworks/CoreTime.framework/Versions/A/CoreTime
0x00007ff81b177000 	/System/Library/PrivateFrameworks/AppServerSupport.framework/Versions/A/AppServerSupport
0x00007ff81d4ff000 	/System/Library/PrivateFrameworks/perfdata.framework/Versions/A/perfdata
0x00007ff80e3e8000 	/System/Library/PrivateFrameworks/AudioToolboxCore.framework/Versions/A/AudioToolboxCore
0x00007ff8166b9000 	/System/Library/PrivateFrameworks/caulk.framework/Versions/A/caulk
0x00007ff81cdda000 	/usr/lib/libAudioStatistics.dylib
0x00007ff9107cb000 	/System/Library/PrivateFrameworks/SystemPolicy.framework/Versions/A/SystemPolicy
0x00007ff81d075000 	/usr/lib/libSMC.dylib
0x00007ff826249000 	/System/Library/Frameworks/CoreMIDI.framework/Versions/A/CoreMIDI
0x00007ff81bb10000 	/usr/lib/libAudioToolboxUtility.dylib
0x00007ff82bbdc000 	/System/Library/PrivateFrameworks/OSAServicesClient.framework/Versions/A/OSAServicesClient
0x00007ff81d50c000 	/usr/lib/libperfcheck.dylib
0x00007ff81aa9e000 	/System/Library/PrivateFrameworks/PlugInKit.framework/Versions/A/PlugInKit
0x00007ff81823a000 	/System/Library/PrivateFrameworks/AssertionServices.framework/Versions/A/AssertionServices
0x00007ffa24716000 	/System/Library/Frameworks/OpenGL.framework/Versions/A/Libraries/libGLU.dylib
0x00007ffa246d8000 	/System/Library/Frameworks/OpenGL.framework/Versions/A/Libraries/libGFXShared.dylib
0x00007ffa248d7000 	/System/Library/Frameworks/OpenGL.framework/Versions/A/Libraries/libGL.dylib
0x00007ffa246e1000 	/System/Library/Frameworks/OpenGL.framework/Versions/A/Libraries/libGLImage.dylib
0x00007ffa246d5000 	/System/Library/Frameworks/OpenGL.framework/Versions/A/Libraries/libCVMSPluginSupport.dylib
0x00007ffb2be1e000 	/usr/lib/libRosetta.dylib
0x00007ffa246c0000 	/System/Library/Frameworks/OpenGL.framework/Versions/A/Libraries/libCoreVMClient.dylib
0x00007ff81735c000 	/System/Library/Frameworks/MetalPerformanceShaders.framework/Versions/A/Frameworks/MPSCore.framework/Versions/A/MPSCore
0x00007ff81893a000 	/System/Library/Frameworks/MetalPerformanceShaders.framework/Versions/A/Frameworks/MPSImage.framework/Versions/A/MPSImage
0x00007ff8183ac000 	/System/Library/Frameworks/MetalPerformanceShaders.framework/Versions/A/Frameworks/MPSNeuralNetwork.framework/Versions/A/MPSNeuralNetwork
0x00007ff81881d000 	/System/Library/Frameworks/MetalPerformanceShaders.framework/Versions/A/Frameworks/MPSMatrix.framework/Versions/A/MPSMatrix
0x00007ff8185d9000 	/System/Library/Frameworks/MetalPerformanceShaders.framework/Versions/A/Frameworks/MPSRayIntersector.framework/Versions/A/MPSRayIntersector
0x00007ff818859000 	/System/Library/Frameworks/MetalPerformanceShaders.framework/Versions/A/Frameworks/MPSNDArray.framework/Versions/A/MPSNDArray
0x00007ffa29759000 	/System/Library/Frameworks/MetalPerformanceShaders.framework/Versions/A/Frameworks/MPSFunctions.framework/Versions/A/MPSFunctions
0x00007ff80d0df000 	/System/Library/PrivateFrameworks/MetalTools.framework/Versions/A/MetalTools
0x00007ff8173e6000 	/System/Library/PrivateFrameworks/AggregateDictionary.framework/Versions/A/AggregateDictionary
0x00007ff81a954000 	/usr/lib/libIOReport.dylib
0x00007ffb1b94a000 	/System/Library/PrivateFrameworks/PhotosensitivityProcessing.framework/Versions/A/PhotosensitivityProcessing
0x00007ffa2539c000 	/System/Library/Frameworks/OpenCL.framework/Versions/A/OpenCL
0x00007ff81ad06000 	/System/Library/PrivateFrameworks/GraphVisualizer.framework/Versions/A/GraphVisualizer
0x00007ffb133dd000 	/System/Library/PrivateFrameworks/FontServices.framework/Versions/A/FontServices
0x00007ff81b132000 	/System/Library/PrivateFrameworks/OTSVG.framework/Versions/A/OTSVG
0x00007ff814b11000 	/System/Library/Frameworks/ApplicationServices.framework/Versions/A/Frameworks/ATS.framework/Versions/A/Resources/libFontRegistry.dylib
0x00007ff81b181000 	/System/Library/PrivateFrameworks/FontServices.framework/libhvf.dylib
0x00007ffb133de000 	/System/Library/PrivateFrameworks/FontServices.framework/libXTFontStaticRegistryData.dylib
0x00007ff91c1d4000 	/usr/lib/swift/libswiftMetal.dylib
0x00007ff9142d3000 	/usr/lib/swift/libswiftsimd.dylib
0x00007ffb25023000 	/System/Library/PrivateFrameworks/VideoToolboxParavirtualizationSupport.framework/Versions/A/VideoToolboxParavirtualizationSupport
0x00007ff81ab6e000 	/System/Library/PrivateFrameworks/AppleVA.framework/Versions/A/AppleVA
0x00007ff81ce1a000 	/System/Library/Frameworks/ApplicationServices.framework/Versions/A/Frameworks/ATS.framework/Versions/A/ATS
0x00007ff812225000 	/System/Library/Frameworks/ApplicationServices.framework/Versions/A/Frameworks/HIServices.framework/Versions/A/HIServices
0x00007ff81bc71000 	/System/Library/Frameworks/ApplicationServices.framework/Versions/A/Frameworks/PrintCore.framework/Versions/A/PrintCore
0x00007ff81d1cb000 	/System/Library/Frameworks/ApplicationServices.framework/Versions/A/Frameworks/QD.framework/Versions/A/QD
0x00007ff81d1c3000 	/System/Library/Frameworks/ApplicationServices.framework/Versions/A/Frameworks/ColorSyncLegacy.framework/Versions/A/ColorSyncLegacy
0x00007ff81cdee000 	/System/Library/Frameworks/ApplicationServices.framework/Versions/A/Frameworks/SpeechSynthesis.framework/Versions/A/SpeechSynthesis
0x00007ff81bc2f000 	/System/Library/Frameworks/ApplicationServices.framework/Versions/A/Frameworks/ATSUI.framework/Versions/A/ATSUI
0x00007ff81d155000 	/usr/lib/libcups.2.dylib
0x00007ff81d51b000 	/System/Library/Frameworks/Kerberos.framework/Versions/A/Kerberos
0x00007ff81d52a000 	/System/Library/Frameworks/GSS.framework/Versions/A/GSS
0x00007ff81ce88000 	/usr/lib/libresolv.9.dylib
0x00007ff81b191000 	/System/Library/PrivateFrameworks/Heimdal.framework/Versions/A/Heimdal
0x00007ff82442c000 	/System/Library/Frameworks/Kerberos.framework/Versions/A/Libraries/libHeimdalProxy.dylib
0x00007ff81d575000 	/System/Library/PrivateFrameworks/CommonAuth.framework/Versions/A/CommonAuth
0x00007ffa27621000 	/System/Library/Frameworks/AVFAudio.framework/Versions/A/AVFAudio
0x00007ff82bc25000 	/System/Library/PrivateFrameworks/AXCoreUtilities.framework/Versions/A/AXCoreUtilities
0x00007ff81cd6c000 	/System/Library/PrivateFrameworks/AudioSession.framework/Versions/A/AudioSession
0x00007ff81e36a000 	/System/Library/Frameworks/IOBluetooth.framework/Versions/A/IOBluetooth
0x00007ff81ac74000 	/System/Library/PrivateFrameworks/MediaExperience.framework/Versions/A/MediaExperience
0x00007ff81cc16000 	/System/Library/PrivateFrameworks/AudioSession.framework/libSessionUtility.dylib
0x00007ff81d1d7000 	/System/Library/PrivateFrameworks/AudioResourceArbitration.framework/Versions/A/AudioResourceArbitration
0x00007ff8212fb000 	/System/Library/PrivateFrameworks/PowerLog.framework/Versions/A/PowerLog
0x00007ff82123a000 	/System/Library/Frameworks/CoreBluetooth.framework/Versions/A/CoreBluetooth
0x00007ff82442d000 	/System/Library/Frameworks/AudioUnit.framework/Versions/A/AudioUnit
0x00007ff8180a4000 	/System/Library/PrivateFrameworks/CoreUtils.framework/Versions/A/CoreUtils
0x00007ffb11eab000 	/System/Library/PrivateFrameworks/CoreUtilsExtras.framework/Versions/A/CoreUtilsExtras
0x00007ffb16e62000 	/System/Library/PrivateFrameworks/IO80211.framework/Versions/A/IO80211
0x00007ff81abe2000 	/System/Library/PrivateFrameworks/IconFoundation.framework/Versions/A/IconFoundation
0x00007ff8202f2000 	/System/Library/PrivateFrameworks/SpeechRecognitionCore.framework/Versions/A/SpeechRecognitionCore
0x0000000109c14000 	/Users/amgadtahoun/.p2/pool/plugins/org.eclipse.justj.openjdk.hotspot.jre.full.macosx.x86_64_17.0.2.v20220201-1208/jre/lib/server/libjvm.dylib
0x0000000108b22000 	/Users/amgadtahoun/.p2/pool/plugins/org.eclipse.justj.openjdk.hotspot.jre.full.macosx.x86_64_17.0.2.v20220201-1208/jre/lib/libjimage.dylib
0x0000000108b68000 	/Users/amgadtahoun/.p2/pool/plugins/org.eclipse.justj.openjdk.hotspot.jre.full.macosx.x86_64_17.0.2.v20220201-1208/jre/lib/libjava.dylib
0x0000000109643000 	/Users/amgadtahoun/.p2/pool/plugins/org.eclipse.justj.openjdk.hotspot.jre.full.macosx.x86_64_17.0.2.v20220201-1208/jre/lib/libzip.dylib
0x0000000109726000 	/Users/amgadtahoun/.p2/pool/plugins/org.eclipse.justj.openjdk.hotspot.jre.full.macosx.x86_64_17.0.2.v20220201-1208/jre/lib/libnio.dylib
0x0000000109772000 	/Users/amgadtahoun/.p2/pool/plugins/org.eclipse.justj.openjdk.hotspot.jre.full.macosx.x86_64_17.0.2.v20220201-1208/jre/lib/libnet.dylib
0x00000001099c8000 	/Users/amgadtahoun/Documents/javafx/lib/libprism_es2.dylib
0x00007ffa248e2000 	/System/Library/Frameworks/OpenGL.framework/Versions/A/Resources/GLEngine.bundle/GLEngine
0x00007ffa24753000 	/System/Library/Frameworks/OpenGL.framework/Versions/A/Libraries/libGLProgrammability.dylib
0x0000000129ce6000 	/System/Library/Extensions/AppleMetalOpenGLRenderer.bundle/Contents/MacOS/AppleMetalOpenGLRenderer
0x00007ffa24a64000 	/System/Library/Frameworks/OpenGL.framework/Versions/A/Resources/GLRendererFloat.bundle/GLRendererFloat
0x00007ffa1ec02000 	/System/Library/Extensions/AGXMetalG13X.bundle/Contents/MacOS/AGXMetalG13X
0x00007ff91133b000 	/System/Library/PrivateFrameworks/GPURawCounter.framework/Versions/A/GPURawCounter
0x00007ff82abfb000 	/System/Library/PrivateFrameworks/IOGPU.framework/Versions/A/IOGPU
0x000000012c50a000 	/Users/amgadtahoun/Documents/javafx/lib/libglass.dylib
0x00007ff8218e9000 	/System/Library/Frameworks/FileProvider.framework/Versions/A/FileProvider
0x00007ff812d1a000 	/System/Library/Frameworks/Accounts.framework/Versions/A/Accounts
0x00007ff814fd7000 	/System/Library/PrivateFrameworks/UserManagement.framework/Versions/A/UserManagement
0x00007ff821a83000 	/System/Library/PrivateFrameworks/GenerationalStorage.framework/Versions/A/GenerationalStorage
0x00007ff822600000 	/System/Library/PrivateFrameworks/CoreSymbolication.framework/Versions/A/CoreSymbolication
0x00007ff8212f0000 	/System/Library/PrivateFrameworks/SymptomDiagnosticReporter.framework/Versions/A/SymptomDiagnosticReporter
0x00007ff810be2000 	/System/Library/PrivateFrameworks/DesktopServicesPriv.framework/Versions/A/DesktopServicesPriv
0x00007ff80f9a4000 	/usr/lib/libsandbox.1.dylib
0x00007ff8225c1000 	/System/Library/PrivateFrameworks/DebugSymbols.framework/Versions/A/DebugSymbols
0x00007ff81d1b8000 	/System/Library/PrivateFrameworks/NetAuth.framework/Versions/A/NetAuth
0x00007ff81e1e9000 	/System/Library/PrivateFrameworks/Sharing.framework/Versions/A/Sharing
0x00007ff814f9d000 	/System/Library/PrivateFrameworks/login.framework/Versions/A/Frameworks/loginsupport.framework/Versions/A/loginsupport
0x00007ff823902000 	/System/Library/PrivateFrameworks/Apple80211.framework/Versions/A/Apple80211
0x00007ff818ae1000 	/System/Library/PrivateFrameworks/AuthKit.framework/Versions/A/AuthKit
0x00007ff818029000 	/System/Library/Frameworks/CoreWLAN.framework/Versions/A/CoreWLAN
0x00007ff823906000 	/System/Library/PrivateFrameworks/CoreWiFi.framework/Versions/A/CoreWiFi
0x00007ffa15551000 	/System/Library/PrivateFrameworks/WiFiPeerToPeer.framework/Versions/A/WiFiPeerToPeer
0x00007ff822168000 	/System/Library/PrivateFrameworks/FrontBoardServices.framework/Versions/A/FrontBoardServices
0x00007ff822201000 	/System/Library/PrivateFrameworks/BoardServices.framework/Versions/A/BoardServices
0x00007ff823aa2000 	/System/Library/PrivateFrameworks/BackBoardServices.framework/Versions/A/BackBoardServices
0x00007ff818c59000 	/System/Library/Frameworks/UserNotifications.framework/Versions/A/UserNotifications
0x00007ff81d66d000 	/System/Library/PrivateFrameworks/CorePhoneNumbers.framework/Versions/A/CorePhoneNumbers
0x00007ff81ceb5000 	/System/Library/PrivateFrameworks/MultiverseSupport.framework/Versions/A/MultiverseSupport
0x00007ff823d1d000 	/System/Library/PrivateFrameworks/RemoteServiceDiscovery.framework/Versions/A/RemoteServiceDiscovery
0x00007ff82140a000 	/System/Library/PrivateFrameworks/DiskManagement.framework/Versions/A/DiskManagement
0x00007ff821322000 	/System/Library/PrivateFrameworks/AppleIDAuthSupport.framework/Versions/A/AppleIDAuthSupport
0x00007ffa2c51e000 	/System/Library/PrivateFrameworks/AAAFoundation.framework/Versions/A/AAAFoundation
0x00007ff81d646000 	/System/Library/PrivateFrameworks/KeychainCircle.framework/Versions/A/KeychainCircle
0x00007ff823d2d000 	/System/Library/PrivateFrameworks/RemoteXPC.framework/Versions/A/RemoteXPC
0x00007ff8213d6000 	/System/Library/PrivateFrameworks/MediaKit.framework/Versions/A/MediaKit
0x00007ff82132e000 	/System/Library/Frameworks/DiscRecording.framework/Versions/A/DiscRecording
0x00007ff81aae2000 	/usr/lib/libCoreStorage.dylib
0x00007ff823d98000 	/usr/lib/libcsfde.dylib
0x00007ff81e43f000 	/System/Library/PrivateFrameworks/ProtectedCloudStorage.framework/Versions/A/ProtectedCloudStorage
0x00007ff823d94000 	/System/Library/PrivateFrameworks/EFILogin.framework/Versions/A/EFILogin
0x00007ff821aa9000 	/System/Library/PrivateFrameworks/OctagonTrust.framework/Versions/A/OctagonTrust
0x00007ff81aada000 	/usr/lib/libMatch.1.dylib
0x00007ff916135000 	/System/Library/Frameworks/Accelerate.framework/Versions/A/Frameworks/vImage.framework/Versions/A/Libraries/libCGInterfaces.dylib
0x000000012c7d6000 	/usr/lib/libobjc-trampolines.dylib
0x00007ffb2bbcf000 	/usr/lib/libAccessibilityBaseImplementations.dylib
0x00007ff814cb6000 	/System/Library/PrivateFrameworks/ViewBridge.framework/Versions/A/ViewBridge
0x000000013044d000 	/Users/amgadtahoun/Documents/javafx/lib/libjavafx_font.dylib
0x00007ff81b249000 	/System/Library/PrivateFrameworks/login.framework/Versions/A/login
0x0000000130782000 	/System/Library/Frameworks/FileProvider.framework/OverrideBundles/CloudDocsFileProvider.bundle/Contents/MacOS/CloudDocsFileProvider
0x00007ff8152ce000 	/System/Library/PrivateFrameworks/CloudDocs.framework/Versions/A/CloudDocs
0x00007ff82412c000 	/System/Library/PrivateFrameworks/AppleAccount.framework/Versions/A/AppleAccount
0x00007ff815000000 	/System/Library/Frameworks/CloudKit.framework/Versions/A/CloudKit
0x00007ff81e426000 	/System/Library/PrivateFrameworks/AppContainer.framework/Versions/A/AppContainer
0x00007ff81de18000 	/System/Library/PrivateFrameworks/IDS.framework/Versions/A/IDS
0x00007ff824297000 	/System/Library/PrivateFrameworks/AppleIDSSOAuthentication.framework/Versions/A/AppleIDSSOAuthentication
0x00007ff814fa0000 	/System/Library/PrivateFrameworks/ApplePushService.framework/Versions/A/ApplePushService
0x00007ff823e21000 	/System/Library/PrivateFrameworks/AppSupport.framework/Versions/A/AppSupport
0x00007ff81cb6f000 	/System/Library/PrivateFrameworks/IMFoundation.framework/Versions/A/IMFoundation
0x00007ff82b377000 	/System/Library/PrivateFrameworks/Marco.framework/Versions/A/Marco
0x00007ff81dfa6000 	/System/Library/PrivateFrameworks/IDSFoundation.framework/Versions/A/IDSFoundation
0x00007ff812d97000 	/System/Library/PrivateFrameworks/CommonUtilities.framework/Versions/A/CommonUtilities
0x00007ff910f1a000 	/System/Library/PrivateFrameworks/FTServices.framework/Versions/A/FTServices
0x00007ff827f61000 	/System/Library/PrivateFrameworks/Engram.framework/Versions/A/Engram
0x00007ff827f04000 	/usr/lib/libtidy.A.dylib
0x00007ff81b405000 	/System/Library/PrivateFrameworks/Bom.framework/Versions/A/Bom
0x00007ff81cec5000 	/usr/lib/libParallelCompression.dylib
0x00007ff81a95d000 	/System/Library/PrivateFrameworks/CrashReporterSupport.framework/Versions/A/CrashReporterSupport
0x00007ff91c780000 	/System/Library/PrivateFrameworks/FTAWD.framework/Versions/A/FTAWD
0x00007ff91edd9000 	/System/Library/PrivateFrameworks/OSAnalytics.framework/Versions/A/OSAnalytics
0x00007ff92af82000 	/System/Library/PrivateFrameworks/Symbolication.framework/Versions/A/Symbolication
0x00007ff9112fa000 	/System/Library/PrivateFrameworks/MallocStackLogging.framework/Versions/A/MallocStackLogging
0x00007ffa2b861000 	/System/Library/Frameworks/SharedWithYouCore.framework/Versions/A/SharedWithYouCore
0x00007ffb2bce7000 	/usr/lib/libBASupport.dylib
0x00007ff9105cf000 	/System/Library/Frameworks/AVFoundation.framework/Versions/A/AVFoundation
0x00007ff8244de000 	/System/Library/PrivateFrameworks/C2.framework/Versions/A/C2
0x00007ff8163bf000 	/System/Library/Frameworks/CoreLocation.framework/Versions/A/CoreLocation
0x00007ffb0edab000 	/System/Library/PrivateFrameworks/CloudKitDistributedSync.framework/Versions/A/CloudKitDistributedSync
0x00007ff8244d6000 	/System/Library/Frameworks/PushKit.framework/Versions/A/PushKit
0x00007ffa280e2000 	/System/Library/Frameworks/CoreTransferable.framework/Versions/A/CoreTransferable
0x00007ffa1131e000 	/System/Library/Frameworks/CryptoKit.framework/Versions/A/CryptoKit
0x00007ffa154d4000 	/System/Library/PrivateFrameworks/FeatureFlags.framework/Versions/A/FeatureFlags
0x00007ff9281d6000 	/usr/lib/swift/libswiftAVFoundation.dylib
0x00007ff91133f000 	/usr/lib/swift/libswiftCoreAudio.dylib
0x00007ff916151000 	/usr/lib/swift/libswiftCoreLocation.dylib
0x00007ff916154000 	/usr/lib/swift/libswiftCoreMIDI.dylib
0x00007ff926bca000 	/usr/lib/swift/libswiftCoreMedia.dylib
0x00007ff91f788000 	/usr/lib/swift/libswiftQuartzCore.dylib
0x00007ff923726000 	/usr/lib/swift/libswiftUniformTypeIdentifiers.dylib
0x00007ff821f61000 	/System/Library/PrivateFrameworks/AVFCore.framework/Versions/A/AVFCore
0x00007ff829983000 	/System/Library/PrivateFrameworks/AVFCapture.framework/Versions/A/AVFCapture
0x00007ff90f0c8000 	/System/Library/PrivateFrameworks/AirPlaySync.framework/Versions/A/AirPlaySync
0x00007ff81bea1000 	/System/Library/Frameworks/MediaToolbox.framework/Versions/A/MediaToolbox
0x00007ff8218b9000 	/System/Library/PrivateFrameworks/CoreAVCHD.framework/Versions/A/CoreAVCHD
0x00007ff8209f8000 	/System/Library/Frameworks/MediaAccessibility.framework/Versions/A/MediaAccessibility
0x00007ff8218b5000 	/System/Library/PrivateFrameworks/Mangrove.framework/Versions/A/Mangrove
0x00007ffb0ea51000 	/System/Library/PrivateFrameworks/CMPhoto.framework/Versions/A/CMPhoto
0x00007ff822494000 	/System/Library/PrivateFrameworks/AppleVPA.framework/Versions/A/AppleVPA
0x00007ff8214fa000 	/System/Library/PrivateFrameworks/CoreAUC.framework/Versions/A/CoreAUC
0x00007ffb0ea23000 	/System/Library/PrivateFrameworks/CMImaging.framework/Versions/A/CMImaging
0x00007ff829b03000 	/System/Library/PrivateFrameworks/Quagga.framework/Versions/A/Quagga
0x00007ff829bf1000 	/System/Library/PrivateFrameworks/CMCapture.framework/Versions/A/CMCapture
0x00007ff81cf84000 	/System/Library/Frameworks/CoreMediaIO.framework/Versions/A/CoreMediaIO
0x00007ff911288000 	/System/Library/PrivateFrameworks/LoggingSupport.framework/Versions/A/LoggingSupport
0x00007ff825f49000 	/System/Library/PrivateFrameworks/RTCReporting.framework/Versions/A/RTCReporting
0x00007ff81e694000 	/System/Library/PrivateFrameworks/GeoServices.framework/Versions/A/GeoServices
0x00007ff81cbe3000 	/System/Library/PrivateFrameworks/LocationSupport.framework/Versions/A/LocationSupport
0x00007ffb13f83000 	/System/Library/PrivateFrameworks/GeoServicesCore.framework/Versions/A/GeoServicesCore
0x00007ff82bc1c000 	/System/Library/PrivateFrameworks/PhoneNumbers.framework/Versions/A/PhoneNumbers
0x00007ffa11119000 	/usr/lib/swift/libswiftNetwork.dylib
0x00007ff824427000 	/System/Library/PrivateFrameworks/CryptoKitCBridging.framework/Versions/A/CryptoKitCBridging
0x00007ff8222a8000 	/System/Library/Frameworks/CryptoTokenKit.framework/Versions/A/CryptoTokenKit
0x00007ff926bc8000 	/usr/lib/swift/libswiftCryptoTokenKit.dylib
0x00007ff822304000 	/System/Library/Frameworks/LocalAuthentication.framework/Versions/A/LocalAuthentication
0x00007ff822349000 	/System/Library/Frameworks/LocalAuthentication.framework/Support/SharedUtils.framework/Versions/A/SharedUtils
0x00007ff90f404000 	/usr/lib/swift/libswiftCoreGraphics.dylib
0x00007ff81e43b000 	/System/Library/PrivateFrameworks/SecCodeWrapper.framework/Versions/A/SecCodeWrapper
0x0000000130164000 	/System/Library/Frameworks/FileProvider.framework/OverrideBundles/FileProviderOverride.bundle/Contents/MacOS/FileProviderOverride
0x00000001308b7000 	/System/Library/Frameworks/FileProvider.framework/OverrideBundles/FinderSyncCollaborationFileProviderOverride.bundle/Contents/MacOS/FinderSyncCollaborationFileProviderOverride
0x00007ff923602000 	/System/Library/PrivateFrameworks/FinderSyncPriv.framework/Versions/A/FinderSyncPriv
0x00007ff90eef8000 	/usr/lib/libFosl_dynamic.dylib
0x00007ff9154fc000 	/usr/lib/libncurses.5.4.dylib
0x00007ff9191a9000 	/System/Library/CoreServices/RawCamera.bundle/Contents/MacOS/RawCamera
0x00007ff81d585000 	/System/Library/PrivateFrameworks/MobileAsset.framework/Versions/A/MobileAsset
0x00007ff916a7e000 	/System/Library/PrivateFrameworks/SoftwareUpdateCoreSupport.framework/Versions/A/SoftwareUpdateCoreSupport
0x00007ff91ced7000 	/System/Library/PrivateFrameworks/SoftwareUpdateCoreConnect.framework/Versions/A/SoftwareUpdateCoreConnect
0x00007ff824451000 	/System/Library/PrivateFrameworks/StreamingZip.framework/Versions/A/StreamingZip
0x00007ff916744000 	/System/Library/PrivateFrameworks/MSUDataAccessor.framework/Versions/A/MSUDataAccessor
0x00007ff912bea000 	/usr/lib/libbootpolicy.dylib
0x00007ff9238f2000 	/usr/lib/libpartition2_dynamic.dylib


VM Arguments:
jvm_args: --module-path=//Users/amgadtahoun/Documents/javafx/lib --add-modules=javafx.controls,javafx.fxml -Dfile.encoding=windows-1252 
java_command: views.Main
java_class_path (initial): /Users/amgadtahoun/eclipse-workspace/ThelastOfUs-M3-blures/bin:/Users/amgadtahoun/.p2/pool/plugins/org.junit_4.13.2.v20211018-1956.jar:/Users/amgadtahoun/.p2/pool/plugins/org.hamcrest.core_1.3.0.v20180420-1519.jar:/Users/amgadtahoun/Documents/javafx/lib/javafx-swt.jar:/Users/amgadtahoun/Documents/javafx/lib/javafx.base.jar:/Users/amgadtahoun/Documents/javafx/lib/javafx.controls.jar:/Users/amgadtahoun/Documents/javafx/lib/javafx.fxml.jar:/Users/amgadtahoun/Documents/javafx/lib/javafx.graphics.jar:/Users/amgadtahoun/Documents/javafx/lib/javafx.media.jar:/Users/amgadtahoun/Documents/javafx/lib/javafx.swing.jar:/Users/amgadtahoun/Documents/javafx/lib/javafx.web.jar
Launcher Type: SUN_STANDARD

[Global flags]
     intx CICompilerCount                          = 4                                         {product} {ergonomic}
     uint ConcGCThreads                            = 2                                         {product} {ergonomic}
     uint G1ConcRefinementThreads                  = 9                                         {product} {ergonomic}
   size_t G1HeapRegionSize                         = 2097152                                   {product} {ergonomic}
    uintx GCDrainStackTargetSize                   = 64                                        {product} {ergonomic}
   size_t InitialHeapSize                          = 268435456                                 {product} {ergonomic}
   size_t MarkStackSize                            = 4194304                                   {product} {ergonomic}
   size_t MaxHeapSize                              = 4294967296                                {product} {ergonomic}
   size_t MaxNewSize                               = 2575302656                                {product} {ergonomic}
   size_t MinHeapDeltaBytes                        = 2097152                                   {product} {ergonomic}
   size_t MinHeapSize                              = 8388608                                   {product} {ergonomic}
    uintx NonNMethodCodeHeapSize                   = 5839372                                {pd product} {ergonomic}
    uintx NonProfiledCodeHeapSize                  = 122909434                              {pd product} {ergonomic}
    uintx ProfiledCodeHeapSize                     = 122909434                              {pd product} {ergonomic}
    uintx ReservedCodeCacheSize                    = 251658240                              {pd product} {ergonomic}
     bool SegmentedCodeCache                       = true                                      {product} {ergonomic}
   size_t SoftMaxHeapSize                          = 4294967296                             {manageable} {ergonomic}
     bool UseCompressedClassPointers               = true                           {product lp64_product} {ergonomic}
     bool UseCompressedOops                        = true                           {product lp64_product} {ergonomic}
     bool UseG1GC                                  = true                                      {product} {ergonomic}
     bool UseNUMA                                  = false                                     {product} {ergonomic}
     bool UseNUMAInterleaving                      = false                                     {product} {ergonomic}

Logging:
Log output configuration:
 #0: stdout all=warning uptime,level,tags
 #1: stderr all=off uptime,level,tags

Environment Variables:
PATH=/usr/bin:/bin:/usr/sbin:/sbin
SHELL=/bin/zsh

Signal Handlers:
   SIGSEGV: crash_handler in libjvm.dylib, mask=11100110100111111111111111111111, flags=SA_RESTART|SA_SIGINFO
    SIGBUS: crash_handler in libjvm.dylib, mask=11100110100111111111111111111111, flags=SA_RESTART|SA_SIGINFO
    SIGFPE: crash_handler in libjvm.dylib, mask=11100110100111111111111111111111, flags=SA_RESTART|SA_SIGINFO
   SIGPIPE: javaSignalHandler in libjvm.dylib, mask=11100110100111111111111111111111, flags=SA_RESTART|SA_SIGINFO
   SIGXFSZ: javaSignalHandler in libjvm.dylib, mask=11100110100111111111111111111111, flags=SA_RESTART|SA_SIGINFO
    SIGILL: crash_handler in libjvm.dylib, mask=11100110100111111111111111111111, flags=SA_RESTART|SA_SIGINFO
   SIGUSR2: SR_handler in libjvm.dylib, mask=00100000000000000000000000000000, flags=SA_RESTART|SA_SIGINFO
    SIGHUP: UserHandler in libjvm.dylib, mask=11100110100111111111111111111111, flags=SA_RESTART|SA_SIGINFO
    SIGINT: UserHandler in libjvm.dylib, mask=11100110100111111111111111111111, flags=SA_RESTART|SA_SIGINFO
   SIGTERM: UserHandler in libjvm.dylib, mask=11100110100111111111111111111111, flags=SA_RESTART|SA_SIGINFO
   SIGQUIT: UserHandler in libjvm.dylib, mask=11100110100111111111111111111111, flags=SA_RESTART|SA_SIGINFO
   SIGTRAP: crash_handler in libjvm.dylib, mask=11100110100111111111111111111111, flags=SA_RESTART|SA_SIGINFO


---------------  S Y S T E M  ---------------

OS:
uname: Darwin 22.5.0 Darwin Kernel Version 22.5.0: Mon Apr 24 20:52:24 PDT 2023; root:xnu-8796.121.2~5/RELEASE_ARM64_T6000 x86_64
OS uptime: 1 days 15:13 hours
rlimit (soft/hard): STACK 8176k/65520k , CORE 0k/infinity , NPROC 2666/4000 , NOFILE 10240/infinity , AS infinity/infinity , CPU infinity/infinity , DATA infinity/infinity , FSIZE infinity/infinity , MEMLOCK infinity/infinity , RSS infinity/infinity
load average: 2.22 2.19 2.09

CPU: (EMULATED) total 10 (initial active 10) (1 cores per cpu, 1 threads per core) family 6 model 44 stepping 0 microcode 0x0, cx8, cmov, fxsr, mmx, sse, sse2, sse3, ssse3, sse4.1, sse4.2, popcnt, tsc, tscinvbit, aes, clmul, clflush

Memory: 4k page, physical 16777216k(162072k free), swap 0k(0k free)

vm_info: OpenJDK 64-Bit Server VM (17.0.2+8) for bsd-amd64 JRE (17.0.2+8), built on Jan 20 2022 10:57:18 by "jenkins" with clang 4.2.1 Compatible Apple LLVM 10.0.1 (clang-1001.0.46.4)

END.
